Command: /home/vncer/prj/ssv/sim/output/baseline/simv -no_save +UVM_VERBOSITY=UVM_LOW +UVM_TESTNAME=my_test +UVM_SEED=264027691

Chronologic VCS simulator copyright 1991-2024
Contains Synopsys proprietary information.
Compiler version W-2024.09_Full64; Runtime version W-2024.09_Full64;  Jul  2 18:20 2026
UVM_INFO /workspace/eda/synopsys/vcs/W-2024.09/etc/uvm-1.2/src/base/uvm_root.svh(402) @ 0: reporter [UVM/RELNOTES] 
----------------------------------------------------------------
UVM-1.2.Synopsys
(C) 2007-2014 Mentor Graphics Corporation
(C) 2007-2014 Cadence Design Systems, Inc.
(C) 2006-2014 Synopsys, Inc.
(C) 2011-2013 Cypress Semiconductor Corp.
(C) 2013-2014 NVIDIA Corporation
----------------------------------------------------------------

  ***********       IMPORTANT RELEASE NOTES         ************

  You are using a version of the UVM library that has been compiled
  with `UVM_NO_DEPRECATED undefined.
  See http://www.eda.org/svdb/view.php?id=3313 for more details.

  You are using a version of the UVM library that has been compiled
  with `UVM_OBJECT_DO_NOT_NEED_CONSTRUCTOR undefined.
  See http://www.eda.org/svdb/view.php?id=3770 for more details.

      (Specify +UVM_NO_RELNOTES to turn off this notice)

UVM_INFO tb/tb_top.sv(38) @ 0: reporter [TB_TOP] starting UVM test via run_test()
UVM_INFO @ 0: reporter [RNTST] Running test my_test...
UVM_INFO tb/utiles/ssv/ssv_object.sv(225) @ 0: reporter [SSV_CFG] reading cfg from ./cfg.info (cwd=case run dir)
UVM_INFO tb/env/my_env.sv(29) @ 0: uvm_test_top.env [MY_ENV] build: NUM_AGENTS=2 ENV_NAME=ssv_default CLK_PERIOD_NS=10.000000
UVM_INFO tb/env/my_agent.sv(37) @ 0: uvm_test_top.env.agent_0 [MY_AGENT] agent_0: AGENT_ID=0 ADDR_WIDTH=32 IS_ACTIVE=1 NAME=sub_agent_default
UVM_INFO tb/env/my_agent.sv(37) @ 0: uvm_test_top.env.agent_1 [MY_AGENT] agent_1: AGENT_ID=1 ADDR_WIDTH=16 IS_ACTIVE=0 NAME=sub_agent_default
main_phase
UVM_INFO tb/tests/my_test.sv(55) @ 0: uvm_test_top [MY_TEST] running with NUM_AGENTS=2 ENV=ssv_default
UVM_INFO tb/tests/my_test.sv(60) @ 0: uvm_test_top [MY_TEST] MY_DYN_ARR: size=0
UVM_INFO tb/tests/my_test.sv(67) @ 0: uvm_test_top [MY_TEST] MY_QUEUE: size=0
UVM_INFO tb/tests/my_test.sv(74) @ 0: uvm_test_top [MY_TEST] NAMES: size=0
UVM_INFO tb/tests/my_test.sv(80) @ 0: uvm_test_top [MY_TEST] NAMES_Q: size=0
UVM_INFO tb/tests/my_test.sv(86) @ 0: uvm_test_top [MY_TEST] COUNTERS (default): size=3 [0]=1 [1]=2 [2]=3
UVM_INFO /workspace/eda/synopsys/vcs/W-2024.09/etc/uvm-1.2/src/base/uvm_report_server.svh(904) @ 0: reporter [UVM/REPORT/SERVER] 
--- UVM Report Summary ---

** Report counts by severity
UVM_INFO :   13
UVM_WARNING :    0
UVM_ERROR :    0
UVM_FATAL :    0
** Report counts by id
[MY_AGENT]     2
[MY_ENV]     1
[MY_TEST]     6
[RNTST]     1
[SSV_CFG]     1
[TB_TOP]     1
[UVM/RELNOTES]     1

$finish called from file "/workspace/eda/synopsys/vcs/W-2024.09/etc/uvm-1.2/src/base/uvm_root.svh", line 527.
$finish at simulation time                    0
           V C S   S i m u l a t i o n   R e p o r t 
Time: 0
CPU Time:      0.160 seconds;       Data structure size:   0.3Mb
Thu Jul  2 18:20:52 2026
