
Warning-[UNKWN_OPTVSIM] Unknown option passed
  Ignoring unknown option '-uvm' passed to 'vcs' and continuing compilation.


Warning-[UNKWN_OPTVSIM] Unknown option passed
  Ignoring unknown option '-uvm' passed to 'vcs' and continuing compilation.

Command: vcs -Mdir=/home/vncer/prj/ssv/sim/output/baseline/build -Mlib=/home/vncer/prj/ssv/sim/output/baseline/build \
-o /home/vncer/prj/ssv/sim/output/baseline/simv -l /home/vncer/prj/ssv/sim/output/baseline/logs/vcs.log \
-full64 -sverilog +v2k -f $PROJ_ROOT/tb/filelist.f -uvm +vcs+lic+wait -kdb -CFLAGS \
-DVCS -CFLAGS -I/workspace/eda/synopsys/vcs/W-2024.09/etc/uvm-1.2/dpi /workspace/eda/synopsys/vcs/W-2024.09/etc/uvm-1.2/dpi/uvm_dpi.cc \

                         Chronologic VCS (TM)
         Version W-2024.09_Full64 -- Thu Jul  2 18:20:32 2026

                    Copyright (c) 1991 - 2024 Synopsys, Inc.
   This software and the associated documentation are proprietary to Synopsys,
 Inc. This software may only be used in accordance with the terms and conditions
 of a written license agreement with Synopsys, Inc. All other use, reproduction,
   or distribution of this software is strictly prohibited.  Licensed Products
     communicate with Synopsys servers for the purpose of providing software
    updates, detecting software piracy and verifying that customers are using
    Licensed Products in conformity with the applicable License Key for such
  Licensed Products. Synopsys will use information gathered in connection with
    this process to deliver software updates and pursue software pirates and
                                   infringers.

 Inclusivity & Diversity - Visit SolvNetPlus to read the "Synopsys Statement on
            Inclusivity and Diversity" (Refer to article 000036315 at
                        https://solvnetplus.synopsys.com)

Parsing design file '/workspace/eda/synopsys/vcs/W-2024.09/etc/uvm-1.2/src/uvm_pkg.sv'
Parsing included file '/workspace/eda/synopsys/vcs/W-2024.09/etc/uvm-1.2/src/uvm_macros.svh'.
Parsing included file '/workspace/eda/synopsys/vcs/W-2024.09/etc/uvm-1.2/src/macros/uvm_version_defines.svh'.
Back to file '/workspace/eda/synopsys/vcs/W-2024.09/etc/uvm-1.2/src/uvm_macros.svh'.
Parsing included file '/workspace/eda/synopsys/vcs/W-2024.09/etc/uvm-1.2/src/macros/uvm_global_defines.svh'.
Back to file '/workspace/eda/synopsys/vcs/W-2024.09/etc/uvm-1.2/src/uvm_macros.svh'.
Parsing included file '/workspace/eda/synopsys/vcs/W-2024.09/etc/uvm-1.2/src/macros/snps_macros.svp'.
Back to file '/workspace/eda/synopsys/vcs/W-2024.09/etc/uvm-1.2/src/uvm_macros.svh'.
Parsing included file '/workspace/eda/synopsys/vcs/W-2024.09/etc/uvm-1.2/src/macros/uvm_message_defines.svh'.
Back to file '/workspace/eda/synopsys/vcs/W-2024.09/etc/uvm-1.2/src/uvm_macros.svh'.
Parsing included file '/workspace/eda/synopsys/vcs/W-2024.09/etc/uvm-1.2/src/macros/uvm_phase_defines.svh'.
Back to file '/workspace/eda/synopsys/vcs/W-2024.09/etc/uvm-1.2/src/uvm_macros.svh'.
Parsing included file '/workspace/eda/synopsys/vcs/W-2024.09/etc/uvm-1.2/src/macros/uvm_object_defines.svh'.
Back to file '/workspace/eda/synopsys/vcs/W-2024.09/etc/uvm-1.2/src/uvm_macros.svh'.
Parsing included file '/workspace/eda/synopsys/vcs/W-2024.09/etc/uvm-1.2/src/macros/uvm_printer_defines.svh'.
Back to file '/workspace/eda/synopsys/vcs/W-2024.09/etc/uvm-1.2/src/uvm_macros.svh'.
Parsing included file '/workspace/eda/synopsys/vcs/W-2024.09/etc/uvm-1.2/src/macros/uvm_tlm_defines.svh'.
Parsing included file '/workspace/eda/synopsys/vcs/W-2024.09/etc/uvm-1.2/src/tlm1/uvm_tlm_imps.svh'.
Back to file '/workspace/eda/synopsys/vcs/W-2024.09/etc/uvm-1.2/src/macros/uvm_tlm_defines.svh'.
Back to file '/workspace/eda/synopsys/vcs/W-2024.09/etc/uvm-1.2/src/uvm_macros.svh'.
Parsing included file '/workspace/eda/synopsys/vcs/W-2024.09/etc/uvm-1.2/src/macros/uvm_sequence_defines.svh'.
Back to file '/workspace/eda/synopsys/vcs/W-2024.09/etc/uvm-1.2/src/uvm_macros.svh'.
Parsing included file '/workspace/eda/synopsys/vcs/W-2024.09/etc/uvm-1.2/src/macros/uvm_callback_defines.svh'.
Back to file '/workspace/eda/synopsys/vcs/W-2024.09/etc/uvm-1.2/src/uvm_macros.svh'.
Parsing included file '/workspace/eda/synopsys/vcs/W-2024.09/etc/uvm-1.2/src/macros/uvm_reg_defines.svh'.
Back to file '/workspace/eda/synopsys/vcs/W-2024.09/etc/uvm-1.2/src/uvm_macros.svh'.
Parsing included file '/workspace/eda/synopsys/vcs/W-2024.09/etc/uvm-1.2/src/macros/uvm_deprecated_defines.svh'.
Back to file '/workspace/eda/synopsys/vcs/W-2024.09/etc/uvm-1.2/src/uvm_macros.svh'.
Back to file '/workspace/eda/synopsys/vcs/W-2024.09/etc/uvm-1.2/src/uvm_pkg.sv'.
Parsing included file '/workspace/eda/synopsys/vcs/W-2024.09/etc/uvm-1.2/src/dpi/uvm_dpi.svh'.
Parsing included file '/workspace/eda/synopsys/vcs/W-2024.09/etc/uvm-1.2/src/dpi/uvm_hdl.svh'.
                         Chronologic VCS (TM)
         Version W-2024.09_Full64 -- Thu Jul  2 18:20:32 2026

                    Copyright (c) 1991 - 2024 Synopsys, Inc.
   This software and the associated documentation are proprietary to Synopsys,
 Inc. This software may only be used in accordance with the terms and conditions
 of a written license agreement with Synopsys, Inc. All other use, reproduction,
   or distribution of this software is strictly prohibited.  Licensed Products
     communicate with Synopsys servers for the purpose of providing software
    updates, detecting software piracy and verifying that customers are using
    Licensed Products in conformity with the applicable License Key for such
  Licensed Products. Synopsys will use information gathered in connection with
    this process to deliver software updates and pursue software pirates and
                                   infringers.

 Inclusivity & Diversity - Visit SolvNetPlus to read the "Synopsys Statement on
            Inclusivity and Diversity" (Refer to article 000036315 at
                        https://solvnetplus.synopsys.com)

Parsing design file '/workspace/eda/synopsys/vcs/W-2024.09/etc/uvm-1.2/src/uvm_pkg.sv'
Parsing included file '/workspace/eda/synopsys/vcs/W-2024.09/etc/uvm-1.2/src/uvm_macros.svh'.
Parsing included file '/workspace/eda/synopsys/vcs/W-2024.09/etc/uvm-1.2/src/macros/uvm_version_defines.svh'.
Back to file '/workspace/eda/synopsys/vcs/W-2024.09/etc/uvm-1.2/src/uvm_macros.svh'.
Parsing included file '/workspace/eda/synopsys/vcs/W-2024.09/etc/uvm-1.2/src/macros/uvm_global_defines.svh'.
Back to file '/workspace/eda/synopsys/vcs/W-2024.09/etc/uvm-1.2/src/uvm_macros.svh'.
Parsing included file '/workspace/eda/synopsys/vcs/W-2024.09/etc/uvm-1.2/src/macros/snps_macros.svp'.
Back to file '/workspace/eda/synopsys/vcs/W-2024.09/etc/uvm-1.2/src/uvm_macros.svh'.
Parsing included file '/workspace/eda/synopsys/vcs/W-2024.09/etc/uvm-1.2/src/macros/uvm_message_defines.svh'.
Back to file '/workspace/eda/synopsys/vcs/W-2024.09/etc/uvm-1.2/src/uvm_macros.svh'.
Parsing included file '/workspace/eda/synopsys/vcs/W-2024.09/etc/uvm-1.2/src/macros/uvm_phase_defines.svh'.
Back to file '/workspace/eda/synopsys/vcs/W-2024.09/etc/uvm-1.2/src/uvm_macros.svh'.
Parsing included file '/workspace/eda/synopsys/vcs/W-2024.09/etc/uvm-1.2/src/macros/uvm_object_defines.svh'.
Back to file '/workspace/eda/synopsys/vcs/W-2024.09/etc/uvm-1.2/src/uvm_macros.svh'.
Parsing included file '/workspace/eda/synopsys/vcs/W-2024.09/etc/uvm-1.2/src/macros/uvm_printer_defines.svh'.
Back to file '/workspace/eda/synopsys/vcs/W-2024.09/etc/uvm-1.2/src/uvm_macros.svh'.
Parsing included file '/workspace/eda/synopsys/vcs/W-2024.09/etc/uvm-1.2/src/macros/uvm_tlm_defines.svh'.
Parsing included file '/workspace/eda/synopsys/vcs/W-2024.09/etc/uvm-1.2/src/tlm1/uvm_tlm_imps.svh'.
Back to file '/workspace/eda/synopsys/vcs/W-2024.09/etc/uvm-1.2/src/macros/uvm_tlm_defines.svh'.
Back to file '/workspace/eda/synopsys/vcs/W-2024.09/etc/uvm-1.2/src/uvm_macros.svh'.
Parsing included file '/workspace/eda/synopsys/vcs/W-2024.09/etc/uvm-1.2/src/macros/uvm_sequence_defines.svh'.
Back to file '/workspace/eda/synopsys/vcs/W-2024.09/etc/uvm-1.2/src/uvm_macros.svh'.
Parsing included file '/workspace/eda/synopsys/vcs/W-2024.09/etc/uvm-1.2/src/macros/uvm_callback_defines.svh'.
Back to file '/workspace/eda/synopsys/vcs/W-2024.09/etc/uvm-1.2/src/uvm_macros.svh'.
Parsing included file '/workspace/eda/synopsys/vcs/W-2024.09/etc/uvm-1.2/src/macros/uvm_reg_defines.svh'.
Back to file '/workspace/eda/synopsys/vcs/W-2024.09/etc/uvm-1.2/src/uvm_macros.svh'.
Parsing included file '/workspace/eda/synopsys/vcs/W-2024.09/etc/uvm-1.2/src/macros/uvm_deprecated_defines.svh'.
Back to file '/workspace/eda/synopsys/vcs/W-2024.09/etc/uvm-1.2/src/uvm_macros.svh'.
Back to file '/workspace/eda/synopsys/vcs/W-2024.09/etc/uvm-1.2/src/uvm_pkg.sv'.
Parsing included file '/workspace/eda/synopsys/vcs/W-2024.09/etc/uvm-1.2/src/dpi/uvm_dpi.svh'.
Parsing included file '/workspace/eda/synopsys/vcs/W-2024.09/etc/uvm-1.2/src/dpi/Back to file '/workspace/eda/synopsys/vcs/W-2024.09/etc/uvm-1.2/src/dpi/uvm_dpi.svh'.
Parsing included file '/workspace/eda/synopsys/vcs/W-2024.09/etc/uvm-1.2/src/dpi/uvm_svcmd_dpi.svh'.
Back to file '/workspace/eda/synopsys/vcs/W-2024.09/etc/uvm-1.2/src/dpi/uvm_dpi.svh'.
Parsing included file '/workspace/eda/synopsys/vcs/W-2024.09/etc/uvm-1.2/src/dpi/uvm_regex.svh'.
Back to file '/workspace/eda/synopsys/vcs/W-2024.09/etc/uvm-1.2/src/dpi/uvm_dpi.svh'.
Back to file '/workspace/eda/synopsys/vcs/W-2024.09/etc/uvm-1.2/src/uvm_pkg.sv'.
Parsing included file '/workspace/eda/synopsys/vcs/W-2024.09/etc/uvm-1.2/src/base/uvm_base.svh'.
Parsing included file '/workspace/eda/synopsys/vcs/W-2024.09/etc/uvm-1.2/src/base/uvm_coreservice.svh'.
Back to file '/workspace/eda/synopsys/vcs/W-2024.09/etc/uvm-1.2/src/base/uvm_base.svh'.
Parsing included file '/workspace/eda/synopsys/vcs/W-2024.09/etc/uvm-1.2/src/base/uvm_version.svh'.
Back to file '/workspace/eda/synopsys/vcs/W-2024.09/etc/uvm-1.2/src/base/uvm_base.svh'.
Parsing included file '/workspace/eda/synopsys/vcs/W-2024.09/etc/uvm-1.2/src/base/uvm_object_globals.svh'.
Back to file '/workspace/eda/synopsys/vcs/W-2024.09/etc/uvm-1.2/src/base/uvm_base.svh'.
Parsing included file '/workspace/eda/synopsys/vcs/W-2024.09/etc/uvm-1.2/src/base/uvm_misc.svh'.
Back to file '/workspace/eda/synopsys/vcs/W-2024.09/etc/uvm-1.2/src/base/uvm_base.svh'.
Parsing included file '/workspace/eda/synopsys/vcs/W-2024.09/etc/uvm-1.2/src/base/uvm_object.svh'.
Back to file '/workspace/eda/synopsys/vcs/W-2024.09/etc/uvm-1.2/src/base/uvm_base.svh'.
Parsing included file '/workspace/eda/synopsys/vcs/W-2024.09/etc/uvm-1.2/src/base/uvm_pool.svh'.
Back to file '/workspace/eda/synopsys/vcs/W-2024.09/etc/uvm-1.2/src/base/uvm_base.svh'.
Parsing included file '/workspace/eda/synopsys/vcs/W-2024.09/etc/uvm-1.2/src/base/uvm_queue.svh'.
Back to file '/workspace/eda/synopsys/vcs/W-2024.09/etc/uvm-1.2/src/base/uvm_base.svh'.
Parsing included file '/workspace/eda/synopsys/vcs/W-2024.09/etc/uvm-1.2/src/base/uvm_factory.svh'.
Back to file '/workspace/eda/synopsys/vcs/W-2024.09/etc/uvm-1.2/src/base/uvm_base.svh'.
Parsing included file '/workspace/eda/synopsys/vcs/W-2024.09/etc/uvm-1.2/src/base/uvm_registry.svh'.
Back to file '/workspace/eda/synopsys/vcs/W-2024.09/etc/uvm-1.2/src/base/uvm_base.svh'.
Parsing included file '/workspace/eda/synopsys/vcs/W-2024.09/etc/uvm-1.2/src/base/uvm_spell_chkr.svh'.
Back to file '/workspace/eda/synopsys/vcs/W-2024.09/etc/uvm-1.2/src/base/uvm_base.svh'.
Parsing included file '/workspace/eda/synopsys/vcs/W-2024.09/etc/uvm-1.2/src/base/uvm_resource.svh'.
Back to file '/workspace/eda/synopsys/vcs/W-2024.09/etc/uvm-1.2/src/base/uvm_base.svh'.
Parsing included file '/workspace/eda/synopsys/vcs/W-2024.09/etc/uvm-1.2/src/base/uvm_resource_specializations.svh'.
Back to file '/workspace/eda/synopsys/vcs/W-2024.09/etc/uvm-1.2/src/base/uvm_base.svh'.
Parsing included file '/workspace/eda/synopsys/vcs/W-2024.09/etc/uvm-1.2/src/base/uvm_resource_db.svh'.
Back to file '/workspace/eda/synopsys/vcs/W-2024.09/etc/uvm-1.2/src/base/uvm_base.svh'.
Parsing included file '/workspace/eda/synopsys/vcs/W-2024.09/etc/uvm-1.2/src/base/uvm_config_db.svh'.
Back to file '/workspace/eda/synopsys/vcs/W-2024.09/etc/uvm-1.2/src/base/uvm_base.svh'.
Parsing included file '/workspace/eda/synopsys/vcs/W-2024.09/etc/uvm-1.2/src/base/uvm_printer.svh'.
Back to file '/workspace/eda/synopsys/vcs/W-2024.09/etc/uvm-1.2/src/base/uvm_base.svh'.
Parsing included file '/workspace/eda/synopsys/vcs/W-2024.09/etc/uvm-1.2/src/base/uvm_comparer.svh'.
Back to file '/workspace/eda/synopsys/vcs/W-2024.09/etc/uvm-1.2/src/base/uvm_base.svh'.
Parsing included file '/workspace/eda/synopsys/vcs/W-2024.09/etc/uvm-1.2/src/base/uvm_packer.svh'.
Back to file '/workspace/eda/synopsys/vcs/W-2024.09/etc/uvm-1.2/src/base/uvm_base.svh'.
Parsing included file '/workspace/eda/synopsys/vcs/W-2024.09/etc/uvm-1.2/src/base/uvm_links.svh'.
Back to file '/workspace/eda/synopsys/vcs/W-2024.09/etc/uvm-1.2/src/base/uvm_base.svh'.
Parsing included file '/workspace/eda/synopsys/vcs/W-2024.09/etc/uvm-1.2/src/base/uvm_tr_database.svh'.
uvm_hdl.svh'.
Back to file '/workspace/eda/synopsys/vcs/W-2024.09/etc/uvm-1.2/src/dpi/uvm_dpi.svh'.
Parsing included file '/workspace/eda/synopsys/vcs/W-2024.09/etc/uvm-1.2/src/dpi/uvm_svcmd_dpi.svh'.
Back to file '/workspace/eda/synopsys/vcs/W-2024.09/etc/uvm-1.2/src/dpi/uvm_dpi.svh'.
Parsing included file '/workspace/eda/synopsys/vcs/W-2024.09/etc/uvm-1.2/src/dpi/uvm_regex.svh'.
Back to file '/workspace/eda/synopsys/vcs/W-2024.09/etc/uvm-1.2/src/dpi/uvm_dpi.svh'.
Back to file '/workspace/eda/synopsys/vcs/W-2024.09/etc/uvm-1.2/src/uvm_pkg.sv'.
Parsing included file '/workspace/eda/synopsys/vcs/W-2024.09/etc/uvm-1.2/src/base/uvm_base.svh'.
Parsing included file '/workspace/eda/synopsys/vcs/W-2024.09/etc/uvm-1.2/src/base/uvm_coreservice.svh'.
Back to file '/workspace/eda/synopsys/vcs/W-2024.09/etc/uvm-1.2/src/base/uvm_base.svh'.
Parsing included file '/workspace/eda/synopsys/vcs/W-2024.09/etc/uvm-1.2/src/base/uvm_version.svh'.
Back to file '/workspace/eda/synopsys/vcs/W-2024.09/etc/uvm-1.2/src/base/uvm_base.svh'.
Parsing included file '/workspace/eda/synopsys/vcs/W-2024.09/etc/uvm-1.2/src/base/uvm_object_globals.svh'.
Back to file '/workspace/eda/synopsys/vcs/W-2024.09/etc/uvm-1.2/src/base/uvm_base.svh'.
Parsing included file '/workspace/eda/synopsys/vcs/W-2024.09/etc/uvm-1.2/src/base/uvm_misc.svh'.
Back to file '/workspace/eda/synopsys/vcs/W-2024.09/etc/uvm-1.2/src/base/uvm_base.svh'.
Parsing included file '/workspace/eda/synopsys/vcs/W-2024.09/etc/uvm-1.2/src/base/uvm_object.svh'.
Back to file '/workspace/eda/synopsys/vcs/W-2024.09/etc/uvm-1.2/src/base/uvm_base.svh'.
Parsing included file '/workspace/eda/synopsys/vcs/W-2024.09/etc/uvm-1.2/src/base/uvm_pool.svh'.
Back to file '/workspace/eda/synopsys/vcs/W-2024.09/etc/uvm-1.2/src/base/uvm_base.svh'.
Parsing included file '/workspace/eda/synopsys/vcs/W-2024.09/etc/uvm-1.2/src/base/uvm_queue.svh'.
Back to file '/workspace/eda/synopsys/vcs/W-2024.09/etc/uvm-1.2/src/base/uvm_base.svh'.
Parsing included file '/workspace/eda/synopsys/vcs/W-2024.09/etc/uvm-1.2/src/base/uvm_factory.svh'.
Back to file '/workspace/eda/synopsys/vcs/W-2024.09/etc/uvm-1.2/src/base/uvm_base.svh'.
Parsing included file '/workspace/eda/synopsys/vcs/W-2024.09/etc/uvm-1.2/src/base/uvm_registry.svh'.
Back to file '/workspace/eda/synopsys/vcs/W-2024.09/etc/uvm-1.2/src/base/uvm_base.svh'.
Parsing included file '/workspace/eda/synopsys/vcs/W-2024.09/etc/uvm-1.2/src/base/uvm_spell_chkr.svh'.
Back to file '/workspace/eda/synopsys/vcs/W-2024.09/etc/uvm-1.2/src/base/uvm_base.svh'.
Parsing included file '/workspace/eda/synopsys/vcs/W-2024.09/etc/uvm-1.2/src/base/uvm_resource.svh'.
Back to file '/workspace/eda/synopsys/vcs/W-2024.09/etc/uvm-1.2/src/base/uvm_base.svh'.
Parsing included file '/workspace/eda/synopsys/vcs/W-2024.09/etc/uvm-1.2/src/base/uvm_resource_specializations.svh'.
Back to file '/workspace/eda/synopsys/vcs/W-2024.09/etc/uvm-1.2/src/base/uvm_base.svh'.
Parsing included file '/workspace/eda/synopsys/vcs/W-2024.09/etc/uvm-1.2/src/base/uvm_resource_db.svh'.
Back to file '/workspace/eda/synopsys/vcs/W-2024.09/etc/uvm-1.2/src/base/uvm_base.svh'.
Parsing included file '/workspace/eda/synopsys/vcs/W-2024.09/etc/uvm-1.2/src/base/uvm_config_db.svh'.
Back to file '/workspace/eda/synopsys/vcs/W-2024.09/etc/uvm-1.2/src/base/uvm_base.svh'.
Parsing included file '/workspace/eda/synopsys/vcs/W-2024.09/etc/uvm-1.2/src/base/uvm_printer.svh'.
Back to file '/workspace/eda/synopsys/vcs/W-2024.09/etc/uvm-1.2/src/base/uvm_base.svh'.
Parsing included file '/workspace/eda/synopsys/vcs/W-2024.09/etc/uvm-1.2/src/base/uvm_comparer.svh'.
Back to file '/workspace/eda/synopsys/vcs/W-2024.09/etc/uvm-1.2/src/base/uvm_base.svh'.
Parsing included file '/workspace/eda/synopsys/vcs/W-2024.09/etc/uvm-1.2/src/base/uvm_packer.svh'.
Back to file '/workspace/eda/synopsys/vcs/W-2024.09/etc/uvm-1.2/src/base/uvm_base.svh'.
Parsing included file '/workspace/eda/synopsys/vcs/W-2024.09/etc/uvm-1.2/src/base/uvm_links.svh'.
Back to file '/workspace/eda/synopsys/vcs/W-2024.09/etc/uvm-1.2/src/base/uvm_base.svh'.
Parsing included file '/workspace/edBack to file '/workspace/eda/synopsys/vcs/W-2024.09/etc/uvm-1.2/src/base/uvm_base.svh'.
Parsing included file '/workspace/eda/synopsys/vcs/W-2024.09/etc/uvm-1.2/src/base/uvm_tr_stream.svh'.
Back to file '/workspace/eda/synopsys/vcs/W-2024.09/etc/uvm-1.2/src/base/uvm_base.svh'.
Parsing included file '/workspace/eda/synopsys/vcs/W-2024.09/etc/uvm-1.2/src/base/uvm_recorder.svh'.
Back to file '/workspace/eda/synopsys/vcs/W-2024.09/etc/uvm-1.2/src/base/uvm_base.svh'.
Parsing included file '/workspace/eda/synopsys/vcs/W-2024.09/etc/uvm-1.2/src/base/uvm_event_callback.svh'.
Back to file '/workspace/eda/synopsys/vcs/W-2024.09/etc/uvm-1.2/src/base/uvm_base.svh'.
Parsing included file '/workspace/eda/synopsys/vcs/W-2024.09/etc/uvm-1.2/src/base/uvm_event.svh'.
Back to file '/workspace/eda/synopsys/vcs/W-2024.09/etc/uvm-1.2/src/base/uvm_base.svh'.
Parsing included file '/workspace/eda/synopsys/vcs/W-2024.09/etc/uvm-1.2/src/base/uvm_barrier.svh'.
Back to file '/workspace/eda/synopsys/vcs/W-2024.09/etc/uvm-1.2/src/base/uvm_base.svh'.
Parsing included file '/workspace/eda/synopsys/vcs/W-2024.09/etc/uvm-1.2/src/base/uvm_callback.svh'.
Parsing included file '/workspace/eda/synopsys/vcs/W-2024.09/etc/uvm-1.2/src/uvm_macros.svh'.
Back to file '/workspace/eda/synopsys/vcs/W-2024.09/etc/uvm-1.2/src/base/uvm_callback.svh'.
Back to file '/workspace/eda/synopsys/vcs/W-2024.09/etc/uvm-1.2/src/base/uvm_base.svh'.
Parsing included file '/workspace/eda/synopsys/vcs/W-2024.09/etc/uvm-1.2/src/base/uvm_report_message.svh'.
Back to file '/workspace/eda/synopsys/vcs/W-2024.09/etc/uvm-1.2/src/base/uvm_base.svh'.
Parsing included file '/workspace/eda/synopsys/vcs/W-2024.09/etc/uvm-1.2/src/base/uvm_report_catcher.svh'.
Back to file '/workspace/eda/synopsys/vcs/W-2024.09/etc/uvm-1.2/src/base/uvm_base.svh'.
Parsing included file '/workspace/eda/synopsys/vcs/W-2024.09/etc/uvm-1.2/src/base/uvm_report_server.svh'.
Back to file '/workspace/eda/synopsys/vcs/W-2024.09/etc/uvm-1.2/src/base/uvm_base.svh'.
Parsing included file '/workspace/eda/synopsys/vcs/W-2024.09/etc/uvm-1.2/src/base/uvm_report_handler.svh'.
Back to file '/workspace/eda/synopsys/vcs/W-2024.09/etc/uvm-1.2/src/base/uvm_base.svh'.
Parsing included file '/workspace/eda/synopsys/vcs/W-2024.09/etc/uvm-1.2/src/base/uvm_report_object.svh'.
Back to file '/workspace/eda/synopsys/vcs/W-2024.09/etc/uvm-1.2/src/base/uvm_base.svh'.
Parsing included file '/workspace/eda/synopsys/vcs/W-2024.09/etc/uvm-1.2/src/base/uvm_transaction.svh'.
Back to file '/workspace/eda/synopsys/vcs/W-2024.09/etc/uvm-1.2/src/base/uvm_base.svh'.
Parsing included file '/workspace/eda/synopsys/vcs/W-2024.09/etc/uvm-1.2/src/base/uvm_phase.svh'.
Back to file '/workspace/eda/synopsys/vcs/W-2024.09/etc/uvm-1.2/src/base/uvm_base.svh'.
Parsing included file '/workspace/eda/synopsys/vcs/W-2024.09/etc/uvm-1.2/src/base/uvm_domain.svh'.
Back to file '/workspace/eda/synopsys/vcs/W-2024.09/etc/uvm-1.2/src/base/uvm_base.svh'.
Parsing included file '/workspace/eda/synopsys/vcs/W-2024.09/etc/uvm-1.2/src/base/uvm_bottomup_phase.svh'.
Back to file '/workspace/eda/synopsys/vcs/W-2024.09/etc/uvm-1.2/src/base/uvm_base.svh'.
Parsing included file '/workspace/eda/synopsys/vcs/W-2024.09/etc/uvm-1.2/src/base/uvm_topdown_phase.svh'.
Back to file '/workspace/eda/synopsys/vcs/W-2024.09/etc/uvm-1.2/src/base/uvm_base.svh'.
Parsing included file '/workspace/eda/synopsys/vcs/W-2024.09/etc/uvm-1.2/src/base/uvm_task_phase.svh'.
Back to file '/workspace/eda/synopsys/vcs/W-2024.09/etc/uvm-1.2/src/base/uvm_base.svh'.
Parsing included file '/workspace/eda/synopsys/vcs/W-2024.09/etc/uvm-1.2/src/base/uvm_common_phases.svh'.
Back to file '/workspace/eda/synopsys/vcs/W-2024.09/etc/uvm-1.2/src/base/uvm_base.svh'.
Parsing included file '/workspace/eda/synopsys/vcs/W-2024.09/etc/uvm-1.2/src/base/uvm_runtime_phases.svh'.
Back to file '/workspace/eda/synopsys/vcs/W-2024.09/etc/uvm-1.2/src/base/uvm_base.svh'.
Parsing included file '/workspace/eda/synopsys/vcs/W-2024.09/etc/uvm-1.2/src/base/uvm_component.svh'.
Parsing included file '/workspace/eda/synopsys/vcs/W-2024.09/etc/uvm-1.2/src/base/uvm_root.svh'.
a/synopsys/vcs/W-2024.09/etc/uvm-1.2/src/base/uvm_tr_database.svh'.
Back to file '/workspace/eda/synopsys/vcs/W-2024.09/etc/uvm-1.2/src/base/uvm_base.svh'.
Parsing included file '/workspace/eda/synopsys/vcs/W-2024.09/etc/uvm-1.2/src/base/uvm_tr_stream.svh'.
Back to file '/workspace/eda/synopsys/vcs/W-2024.09/etc/uvm-1.2/src/base/uvm_base.svh'.
Parsing included file '/workspace/eda/synopsys/vcs/W-2024.09/etc/uvm-1.2/src/base/uvm_recorder.svh'.
Back to file '/workspace/eda/synopsys/vcs/W-2024.09/etc/uvm-1.2/src/base/uvm_base.svh'.
Parsing included file '/workspace/eda/synopsys/vcs/W-2024.09/etc/uvm-1.2/src/base/uvm_event_callback.svh'.
Back to file '/workspace/eda/synopsys/vcs/W-2024.09/etc/uvm-1.2/src/base/uvm_base.svh'.
Parsing included file '/workspace/eda/synopsys/vcs/W-2024.09/etc/uvm-1.2/src/base/uvm_event.svh'.
Back to file '/workspace/eda/synopsys/vcs/W-2024.09/etc/uvm-1.2/src/base/uvm_base.svh'.
Parsing included file '/workspace/eda/synopsys/vcs/W-2024.09/etc/uvm-1.2/src/base/uvm_barrier.svh'.
Back to file '/workspace/eda/synopsys/vcs/W-2024.09/etc/uvm-1.2/src/base/uvm_base.svh'.
Parsing included file '/workspace/eda/synopsys/vcs/W-2024.09/etc/uvm-1.2/src/base/uvm_callback.svh'.
Parsing included file '/workspace/eda/synopsys/vcs/W-2024.09/etc/uvm-1.2/src/uvm_macros.svh'.
Back to file '/workspace/eda/synopsys/vcs/W-2024.09/etc/uvm-1.2/src/base/uvm_callback.svh'.
Back to file '/workspace/eda/synopsys/vcs/W-2024.09/etc/uvm-1.2/src/base/uvm_base.svh'.
Parsing included file '/workspace/eda/synopsys/vcs/W-2024.09/etc/uvm-1.2/src/base/uvm_report_message.svh'.
Back to file '/workspace/eda/synopsys/vcs/W-2024.09/etc/uvm-1.2/src/base/uvm_base.svh'.
Parsing included file '/workspace/eda/synopsys/vcs/W-2024.09/etc/uvm-1.2/src/base/uvm_report_catcher.svh'.
Back to file '/workspace/eda/synopsys/vcs/W-2024.09/etc/uvm-1.2/src/base/uvm_base.svh'.
Parsing included file '/workspace/eda/synopsys/vcs/W-2024.09/etc/uvm-1.2/src/base/uvm_report_server.svh'.
Back to file '/workspace/eda/synopsys/vcs/W-2024.09/etc/uvm-1.2/src/base/uvm_base.svh'.
Parsing included file '/workspace/eda/synopsys/vcs/W-2024.09/etc/uvm-1.2/src/base/uvm_report_handler.svh'.
Back to file '/workspace/eda/synopsys/vcs/W-2024.09/etc/uvm-1.2/src/base/uvm_base.svh'.
Parsing included file '/workspace/eda/synopsys/vcs/W-2024.09/etc/uvm-1.2/src/base/uvm_report_object.svh'.
Back to file '/workspace/eda/synopsys/vcs/W-2024.09/etc/uvm-1.2/src/base/uvm_base.svh'.
Parsing included file '/workspace/eda/synopsys/vcs/W-2024.09/etc/uvm-1.2/src/base/uvm_transaction.svh'.
Back to file '/workspace/eda/synopsys/vcs/W-2024.09/etc/uvm-1.2/src/base/uvm_base.svh'.
Parsing included file '/workspace/eda/synopsys/vcs/W-2024.09/etc/uvm-1.2/src/base/uvm_phase.svh'.
Back to file '/workspace/eda/synopsys/vcs/W-2024.09/etc/uvm-1.2/src/base/uvm_base.svh'.
Parsing included file '/workspace/eda/synopsys/vcs/W-2024.09/etc/uvm-1.2/src/base/uvm_domain.svh'.
Back to file '/workspace/eda/synopsys/vcs/W-2024.09/etc/uvm-1.2/src/base/uvm_base.svh'.
Parsing included file '/workspace/eda/synopsys/vcs/W-2024.09/etc/uvm-1.2/src/base/uvm_bottomup_phase.svh'.
Back to file '/workspace/eda/synopsys/vcs/W-2024.09/etc/uvm-1.2/src/base/uvm_base.svh'.
Parsing included file '/workspace/eda/synopsys/vcs/W-2024.09/etc/uvm-1.2/src/base/uvm_topdown_phase.svh'.
Back to file '/workspace/eda/synopsys/vcs/W-2024.09/etc/uvm-1.2/src/base/uvm_base.svh'.
Parsing included file '/workspace/eda/synopsys/vcs/W-2024.09/etc/uvm-1.2/src/base/uvm_task_phase.svh'.
Back to file '/workspace/eda/synopsys/vcs/W-2024.09/etc/uvm-1.2/src/base/uvm_base.svh'.
Parsing included file '/workspace/eda/synopsys/vcs/W-2024.09/etc/uvm-1.2/src/base/uvm_common_phases.svh'.
Back to file '/workspace/eda/synopsys/vcs/W-2024.09/etc/uvm-1.2/src/base/uvm_base.svh'.
Parsing included file '/workspace/eda/synopsys/vcs/W-2024.09/etc/uvm-1.2/src/base/uvm_runtime_phases.svh'.
Back to file '/workspace/eda/synopsys/vcs/W-2024.09/etc/uvm-1.2/src/base/uvm_base.svh'.
Parsing included file '/workspace/eda/synopsys/vcs/W-2024.09/etc/uvm-1.2/src/base/uvm_component.svh'.
Parsing Back to file '/workspace/eda/synopsys/vcs/W-2024.09/etc/uvm-1.2/src/base/uvm_component.svh'.
Back to file '/workspace/eda/synopsys/vcs/W-2024.09/etc/uvm-1.2/src/base/uvm_base.svh'.
Parsing included file '/workspace/eda/synopsys/vcs/W-2024.09/etc/uvm-1.2/src/base/uvm_objection.svh'.
Back to file '/workspace/eda/synopsys/vcs/W-2024.09/etc/uvm-1.2/src/base/uvm_base.svh'.
Parsing included file '/workspace/eda/synopsys/vcs/W-2024.09/etc/uvm-1.2/src/base/uvm_heartbeat.svh'.
Back to file '/workspace/eda/synopsys/vcs/W-2024.09/etc/uvm-1.2/src/base/uvm_base.svh'.
Parsing included file '/workspace/eda/synopsys/vcs/W-2024.09/etc/uvm-1.2/src/base/uvm_globals.svh'.
Back to file '/workspace/eda/synopsys/vcs/W-2024.09/etc/uvm-1.2/src/base/uvm_base.svh'.
Parsing included file '/workspace/eda/synopsys/vcs/W-2024.09/etc/uvm-1.2/src/base/uvm_cmdline_processor.svh'.
Back to file '/workspace/eda/synopsys/vcs/W-2024.09/etc/uvm-1.2/src/base/uvm_base.svh'.
Parsing included file '/workspace/eda/synopsys/vcs/W-2024.09/etc/uvm-1.2/src/base/uvm_traversal.svh'.
Back to file '/workspace/eda/synopsys/vcs/W-2024.09/etc/uvm-1.2/src/base/uvm_base.svh'.
Back to file '/workspace/eda/synopsys/vcs/W-2024.09/etc/uvm-1.2/src/uvm_pkg.sv'.
Parsing included file '/workspace/eda/synopsys/vcs/W-2024.09/etc/uvm-1.2/src/dap/uvm_dap.svh'.
Parsing included file '/workspace/eda/synopsys/vcs/W-2024.09/etc/uvm-1.2/src/dap/uvm_set_get_dap_base.svh'.
Back to file '/workspace/eda/synopsys/vcs/W-2024.09/etc/uvm-1.2/src/dap/uvm_dap.svh'.
Parsing included file '/workspace/eda/synopsys/vcs/W-2024.09/etc/uvm-1.2/src/dap/uvm_simple_lock_dap.svh'.
Back to file '/workspace/eda/synopsys/vcs/W-2024.09/etc/uvm-1.2/src/dap/uvm_dap.svh'.
Parsing included file '/workspace/eda/synopsys/vcs/W-2024.09/etc/uvm-1.2/src/dap/uvm_get_to_lock_dap.svh'.
Back to file '/workspace/eda/synopsys/vcs/W-2024.09/etc/uvm-1.2/src/dap/uvm_dap.svh'.
Parsing included file '/workspace/eda/synopsys/vcs/W-2024.09/etc/uvm-1.2/src/dap/uvm_set_before_get_dap.svh'.
Back to file '/workspace/eda/synopsys/vcs/W-2024.09/etc/uvm-1.2/src/dap/uvm_dap.svh'.
Back to file '/workspace/eda/synopsys/vcs/W-2024.09/etc/uvm-1.2/src/uvm_pkg.sv'.
Parsing included file '/workspace/eda/synopsys/vcs/W-2024.09/etc/uvm-1.2/src/tlm1/uvm_tlm.svh'.
Parsing included file '/workspace/eda/synopsys/vcs/W-2024.09/etc/uvm-1.2/src/tlm1/uvm_tlm_ifs.svh'.
Back to file '/workspace/eda/synopsys/vcs/W-2024.09/etc/uvm-1.2/src/tlm1/uvm_tlm.svh'.
Parsing included file '/workspace/eda/synopsys/vcs/W-2024.09/etc/uvm-1.2/src/tlm1/uvm_sqr_ifs.svh'.
Back to file '/workspace/eda/synopsys/vcs/W-2024.09/etc/uvm-1.2/src/tlm1/uvm_tlm.svh'.
Parsing included file '/workspace/eda/synopsys/vcs/W-2024.09/etc/uvm-1.2/src/base/uvm_port_base.svh'.
Back to file '/workspace/eda/synopsys/vcs/W-2024.09/etc/uvm-1.2/src/tlm1/uvm_tlm.svh'.
Parsing included file '/workspace/eda/synopsys/vcs/W-2024.09/etc/uvm-1.2/src/tlm1/uvm_tlm_imps.svh'.
Back to file '/workspace/eda/synopsys/vcs/W-2024.09/etc/uvm-1.2/src/tlm1/uvm_tlm.svh'.
Parsing included file '/workspace/eda/synopsys/vcs/W-2024.09/etc/uvm-1.2/src/tlm1/uvm_imps.svh'.
Back to file '/workspace/eda/synopsys/vcs/W-2024.09/etc/uvm-1.2/src/tlm1/uvm_tlm.svh'.
Parsing included file '/workspace/eda/synopsys/vcs/W-2024.09/etc/uvm-1.2/src/tlm1/uvm_ports.svh'.
Back to file '/workspace/eda/synopsys/vcs/W-2024.09/etc/uvm-1.2/src/tlm1/uvm_tlm.svh'.
Parsing included file '/workspace/eda/synopsys/vcs/W-2024.09/etc/uvm-1.2/src/tlm1/uvm_exports.svh'.
Back to file '/workspace/eda/synopsys/vcs/W-2024.09/etc/uvm-1.2/src/tlm1/uvm_tlm.svh'.
Parsing included file '/workspace/eda/synopsys/vcs/W-2024.09/etc/uvm-1.2/src/tlm1/uvm_analysis_port.svh'.
Back to file '/workspace/eda/synopsys/vcs/W-2024.09/etc/uvm-1.2/src/tlm1/uvm_tlm.svh'.
Parsing included file '/workspace/eda/synopsys/vcs/W-2024.09/etc/uvm-1.2/src/tlm1/uvm_tlm_fifo_base.svh'.
Back to file '/workspace/eda/synopsys/vcs/W-2024.09/etc/uvm-1.2/src/tlm1/uvm_tlm.svh'.
Parsing included file '/workspace/eda/synopsys/vcs/W-2024.09/etc/uvm-1.2/src/tlm1/uvm_tlm_fifos.svh'.
included file '/workspace/eda/synopsys/vcs/W-2024.09/etc/uvm-1.2/src/base/uvm_root.svh'.
Back to file '/workspace/eda/synopsys/vcs/W-2024.09/etc/uvm-1.2/src/base/uvm_component.svh'.
Back to file '/workspace/eda/synopsys/vcs/W-2024.09/etc/uvm-1.2/src/base/uvm_base.svh'.
Parsing included file '/workspace/eda/synopsys/vcs/W-2024.09/etc/uvm-1.2/src/base/uvm_objection.svh'.
Back to file '/workspace/eda/synopsys/vcs/W-2024.09/etc/uvm-1.2/src/base/uvm_base.svh'.
Parsing included file '/workspace/eda/synopsys/vcs/W-2024.09/etc/uvm-1.2/src/base/uvm_heartbeat.svh'.
Back to file '/workspace/eda/synopsys/vcs/W-2024.09/etc/uvm-1.2/src/base/uvm_base.svh'.
Parsing included file '/workspace/eda/synopsys/vcs/W-2024.09/etc/uvm-1.2/src/base/uvm_globals.svh'.
Back to file '/workspace/eda/synopsys/vcs/W-2024.09/etc/uvm-1.2/src/base/uvm_base.svh'.
Parsing included file '/workspace/eda/synopsys/vcs/W-2024.09/etc/uvm-1.2/src/base/uvm_cmdline_processor.svh'.
Back to file '/workspace/eda/synopsys/vcs/W-2024.09/etc/uvm-1.2/src/base/uvm_base.svh'.
Parsing included file '/workspace/eda/synopsys/vcs/W-2024.09/etc/uvm-1.2/src/base/uvm_traversal.svh'.
Back to file '/workspace/eda/synopsys/vcs/W-2024.09/etc/uvm-1.2/src/base/uvm_base.svh'.
Back to file '/workspace/eda/synopsys/vcs/W-2024.09/etc/uvm-1.2/src/uvm_pkg.sv'.
Parsing included file '/workspace/eda/synopsys/vcs/W-2024.09/etc/uvm-1.2/src/dap/uvm_dap.svh'.
Parsing included file '/workspace/eda/synopsys/vcs/W-2024.09/etc/uvm-1.2/src/dap/uvm_set_get_dap_base.svh'.
Back to file '/workspace/eda/synopsys/vcs/W-2024.09/etc/uvm-1.2/src/dap/uvm_dap.svh'.
Parsing included file '/workspace/eda/synopsys/vcs/W-2024.09/etc/uvm-1.2/src/dap/uvm_simple_lock_dap.svh'.
Back to file '/workspace/eda/synopsys/vcs/W-2024.09/etc/uvm-1.2/src/dap/uvm_dap.svh'.
Parsing included file '/workspace/eda/synopsys/vcs/W-2024.09/etc/uvm-1.2/src/dap/uvm_get_to_lock_dap.svh'.
Back to file '/workspace/eda/synopsys/vcs/W-2024.09/etc/uvm-1.2/src/dap/uvm_dap.svh'.
Parsing included file '/workspace/eda/synopsys/vcs/W-2024.09/etc/uvm-1.2/src/dap/uvm_set_before_get_dap.svh'.
Back to file '/workspace/eda/synopsys/vcs/W-2024.09/etc/uvm-1.2/src/dap/uvm_dap.svh'.
Back to file '/workspace/eda/synopsys/vcs/W-2024.09/etc/uvm-1.2/src/uvm_pkg.sv'.
Parsing included file '/workspace/eda/synopsys/vcs/W-2024.09/etc/uvm-1.2/src/tlm1/uvm_tlm.svh'.
Parsing included file '/workspace/eda/synopsys/vcs/W-2024.09/etc/uvm-1.2/src/tlm1/uvm_tlm_ifs.svh'.
Back to file '/workspace/eda/synopsys/vcs/W-2024.09/etc/uvm-1.2/src/tlm1/uvm_tlm.svh'.
Parsing included file '/workspace/eda/synopsys/vcs/W-2024.09/etc/uvm-1.2/src/tlm1/uvm_sqr_ifs.svh'.
Back to file '/workspace/eda/synopsys/vcs/W-2024.09/etc/uvm-1.2/src/tlm1/uvm_tlm.svh'.
Parsing included file '/workspace/eda/synopsys/vcs/W-2024.09/etc/uvm-1.2/src/base/uvm_port_base.svh'.
Back to file '/workspace/eda/synopsys/vcs/W-2024.09/etc/uvm-1.2/src/tlm1/uvm_tlm.svh'.
Parsing included file '/workspace/eda/synopsys/vcs/W-2024.09/etc/uvm-1.2/src/tlm1/uvm_tlm_imps.svh'.
Back to file '/workspace/eda/synopsys/vcs/W-2024.09/etc/uvm-1.2/src/tlm1/uvm_tlm.svh'.
Parsing included file '/workspace/eda/synopsys/vcs/W-2024.09/etc/uvm-1.2/src/tlm1/uvm_imps.svh'.
Back to file '/workspace/eda/synopsys/vcs/W-2024.09/etc/uvm-1.2/src/tlm1/uvm_tlm.svh'.
Parsing included file '/workspace/eda/synopsys/vcs/W-2024.09/etc/uvm-1.2/src/tlm1/uvm_ports.svh'.
Back to file '/workspace/eda/synopsys/vcs/W-2024.09/etc/uvm-1.2/src/tlm1/uvm_tlm.svh'.
Parsing included file '/workspace/eda/synopsys/vcs/W-2024.09/etc/uvm-1.2/src/tlm1/uvm_exports.svh'.
Back to file '/workspace/eda/synopsys/vcs/W-2024.09/etc/uvm-1.2/src/tlm1/uvm_tlm.svh'.
Parsing included file '/workspace/eda/synopsys/vcs/W-2024.09/etc/uvm-1.2/src/tlm1/uvm_analysis_port.svh'.
Back to file '/workspace/eda/synopsys/vcs/W-2024.09/etc/uvm-1.2/src/tlm1/uvm_tlm.svh'.
Parsing included file '/workspace/eda/synopsys/vcs/W-2024.09/etc/uvm-1.2/src/tlm1/uvm_tlm_fifo_base.svh'.
Back to file '/workspace/eda/synopsys/vcs/W-2024.09/etc/uvm-1.2/src/tlm1/uvm_tlm.svh'.
Parsing included file '/workspace/eda/synopsys/vBack to file '/workspace/eda/synopsys/vcs/W-2024.09/etc/uvm-1.2/src/tlm1/uvm_tlm.svh'.
Parsing included file '/workspace/eda/synopsys/vcs/W-2024.09/etc/uvm-1.2/src/tlm1/uvm_tlm_req_rsp.svh'.
Back to file '/workspace/eda/synopsys/vcs/W-2024.09/etc/uvm-1.2/src/tlm1/uvm_tlm.svh'.
Parsing included file '/workspace/eda/synopsys/vcs/W-2024.09/etc/uvm-1.2/src/tlm1/uvm_sqr_connections.svh'.
Back to file '/workspace/eda/synopsys/vcs/W-2024.09/etc/uvm-1.2/src/tlm1/uvm_tlm.svh'.
Back to file '/workspace/eda/synopsys/vcs/W-2024.09/etc/uvm-1.2/src/uvm_pkg.sv'.
Parsing included file '/workspace/eda/synopsys/vcs/W-2024.09/etc/uvm-1.2/src/comps/uvm_comps.svh'.
Parsing included file '/workspace/eda/synopsys/vcs/W-2024.09/etc/uvm-1.2/src/comps/uvm_pair.svh'.
Back to file '/workspace/eda/synopsys/vcs/W-2024.09/etc/uvm-1.2/src/comps/uvm_comps.svh'.
Parsing included file '/workspace/eda/synopsys/vcs/W-2024.09/etc/uvm-1.2/src/comps/uvm_policies.svh'.
Back to file '/workspace/eda/synopsys/vcs/W-2024.09/etc/uvm-1.2/src/comps/uvm_comps.svh'.
Parsing included file '/workspace/eda/synopsys/vcs/W-2024.09/etc/uvm-1.2/src/comps/uvm_in_order_comparator.svh'.
Back to file '/workspace/eda/synopsys/vcs/W-2024.09/etc/uvm-1.2/src/comps/uvm_comps.svh'.
Parsing included file '/workspace/eda/synopsys/vcs/W-2024.09/etc/uvm-1.2/src/comps/uvm_algorithmic_comparator.svh'.
Back to file '/workspace/eda/synopsys/vcs/W-2024.09/etc/uvm-1.2/src/comps/uvm_comps.svh'.
Parsing included file '/workspace/eda/synopsys/vcs/W-2024.09/etc/uvm-1.2/src/comps/uvm_random_stimulus.svh'.
Back to file '/workspace/eda/synopsys/vcs/W-2024.09/etc/uvm-1.2/src/comps/uvm_comps.svh'.
Parsing included file '/workspace/eda/synopsys/vcs/W-2024.09/etc/uvm-1.2/src/comps/uvm_subscriber.svh'.
Back to file '/workspace/eda/synopsys/vcs/W-2024.09/etc/uvm-1.2/src/comps/uvm_comps.svh'.
Parsing included file '/workspace/eda/synopsys/vcs/W-2024.09/etc/uvm-1.2/src/comps/uvm_monitor.svh'.
Back to file '/workspace/eda/synopsys/vcs/W-2024.09/etc/uvm-1.2/src/comps/uvm_comps.svh'.
Parsing included file '/workspace/eda/synopsys/vcs/W-2024.09/etc/uvm-1.2/src/comps/uvm_driver.svh'.
Back to file '/workspace/eda/synopsys/vcs/W-2024.09/etc/uvm-1.2/src/comps/uvm_comps.svh'.
Parsing included file '/workspace/eda/synopsys/vcs/W-2024.09/etc/uvm-1.2/src/comps/uvm_push_driver.svh'.
Back to file '/workspace/eda/synopsys/vcs/W-2024.09/etc/uvm-1.2/src/comps/uvm_comps.svh'.
Parsing included file '/workspace/eda/synopsys/vcs/W-2024.09/etc/uvm-1.2/src/comps/uvm_scoreboard.svh'.
Back to file '/workspace/eda/synopsys/vcs/W-2024.09/etc/uvm-1.2/src/comps/uvm_comps.svh'.
Parsing included file '/workspace/eda/synopsys/vcs/W-2024.09/etc/uvm-1.2/src/comps/uvm_agent.svh'.
Back to file '/workspace/eda/synopsys/vcs/W-2024.09/etc/uvm-1.2/src/comps/uvm_comps.svh'.
Parsing included file '/workspace/eda/synopsys/vcs/W-2024.09/etc/uvm-1.2/src/comps/uvm_env.svh'.
Back to file '/workspace/eda/synopsys/vcs/W-2024.09/etc/uvm-1.2/src/comps/uvm_comps.svh'.
Parsing included file '/workspace/eda/synopsys/vcs/W-2024.09/etc/uvm-1.2/src/comps/uvm_test.svh'.
Back to file '/workspace/eda/synopsys/vcs/W-2024.09/etc/uvm-1.2/src/comps/uvm_comps.svh'.
Back to file '/workspace/eda/synopsys/vcs/W-2024.09/etc/uvm-1.2/src/uvm_pkg.sv'.
Parsing included file '/workspace/eda/synopsys/vcs/W-2024.09/etc/uvm-1.2/src/seq/uvm_seq.svh'.
Parsing included file '/workspace/eda/synopsys/vcs/W-2024.09/etc/uvm-1.2/src/seq/uvm_sequence_item.svh'.
Back to file '/workspace/eda/synopsys/vcs/W-2024.09/etc/uvm-1.2/src/seq/uvm_seq.svh'.
Parsing included file '/workspace/eda/synopsys/vcs/W-2024.09/etc/uvm-1.2/src/seq/uvm_sequencer_base.svh'.
Back to file '/workspace/eda/synopsys/vcs/W-2024.09/etc/uvm-1.2/src/seq/uvm_seq.svh'.
Parsing included file '/workspace/eda/synopsys/vcs/W-2024.09/etc/uvm-1.2/src/seq/uvm_sequencer_analysis_fifo.svh'.
Back to file '/workspace/eda/synopsys/vcs/W-2024.09/etc/uvm-1.2/src/seq/uvm_seq.svh'.
Parsing included file '/workspace/eda/synopsys/vcs/W-2024.09/etc/uvm-1.2/src/seq/uvm_sequencer_param_base.svh'.
Back to file '/workspace/eda/synopsys/vcs/W-2024.09/etc/uvm-1.2/src/seq/uvm_seq.svh'.
cs/W-2024.09/etc/uvm-1.2/src/tlm1/uvm_tlm_fifos.svh'.
Back to file '/workspace/eda/synopsys/vcs/W-2024.09/etc/uvm-1.2/src/tlm1/uvm_tlm.svh'.
Parsing included file '/workspace/eda/synopsys/vcs/W-2024.09/etc/uvm-1.2/src/tlm1/uvm_tlm_req_rsp.svh'.
Back to file '/workspace/eda/synopsys/vcs/W-2024.09/etc/uvm-1.2/src/tlm1/uvm_tlm.svh'.
Parsing included file '/workspace/eda/synopsys/vcs/W-2024.09/etc/uvm-1.2/src/tlm1/uvm_sqr_connections.svh'.
Back to file '/workspace/eda/synopsys/vcs/W-2024.09/etc/uvm-1.2/src/tlm1/uvm_tlm.svh'.
Back to file '/workspace/eda/synopsys/vcs/W-2024.09/etc/uvm-1.2/src/uvm_pkg.sv'.
Parsing included file '/workspace/eda/synopsys/vcs/W-2024.09/etc/uvm-1.2/src/comps/uvm_comps.svh'.
Parsing included file '/workspace/eda/synopsys/vcs/W-2024.09/etc/uvm-1.2/src/comps/uvm_pair.svh'.
Back to file '/workspace/eda/synopsys/vcs/W-2024.09/etc/uvm-1.2/src/comps/uvm_comps.svh'.
Parsing included file '/workspace/eda/synopsys/vcs/W-2024.09/etc/uvm-1.2/src/comps/uvm_policies.svh'.
Back to file '/workspace/eda/synopsys/vcs/W-2024.09/etc/uvm-1.2/src/comps/uvm_comps.svh'.
Parsing included file '/workspace/eda/synopsys/vcs/W-2024.09/etc/uvm-1.2/src/comps/uvm_in_order_comparator.svh'.
Back to file '/workspace/eda/synopsys/vcs/W-2024.09/etc/uvm-1.2/src/comps/uvm_comps.svh'.
Parsing included file '/workspace/eda/synopsys/vcs/W-2024.09/etc/uvm-1.2/src/comps/uvm_algorithmic_comparator.svh'.
Back to file '/workspace/eda/synopsys/vcs/W-2024.09/etc/uvm-1.2/src/comps/uvm_comps.svh'.
Parsing included file '/workspace/eda/synopsys/vcs/W-2024.09/etc/uvm-1.2/src/comps/uvm_random_stimulus.svh'.
Back to file '/workspace/eda/synopsys/vcs/W-2024.09/etc/uvm-1.2/src/comps/uvm_comps.svh'.
Parsing included file '/workspace/eda/synopsys/vcs/W-2024.09/etc/uvm-1.2/src/comps/uvm_subscriber.svh'.
Back to file '/workspace/eda/synopsys/vcs/W-2024.09/etc/uvm-1.2/src/comps/uvm_comps.svh'.
Parsing included file '/workspace/eda/synopsys/vcs/W-2024.09/etc/uvm-1.2/src/comps/uvm_monitor.svh'.
Back to file '/workspace/eda/synopsys/vcs/W-2024.09/etc/uvm-1.2/src/comps/uvm_comps.svh'.
Parsing included file '/workspace/eda/synopsys/vcs/W-2024.09/etc/uvm-1.2/src/comps/uvm_driver.svh'.
Back to file '/workspace/eda/synopsys/vcs/W-2024.09/etc/uvm-1.2/src/comps/uvm_comps.svh'.
Parsing included file '/workspace/eda/synopsys/vcs/W-2024.09/etc/uvm-1.2/src/comps/uvm_push_driver.svh'.
Back to file '/workspace/eda/synopsys/vcs/W-2024.09/etc/uvm-1.2/src/comps/uvm_comps.svh'.
Parsing included file '/workspace/eda/synopsys/vcs/W-2024.09/etc/uvm-1.2/src/comps/uvm_scoreboard.svh'.
Back to file '/workspace/eda/synopsys/vcs/W-2024.09/etc/uvm-1.2/src/comps/uvm_comps.svh'.
Parsing included file '/workspace/eda/synopsys/vcs/W-2024.09/etc/uvm-1.2/src/comps/uvm_agent.svh'.
Back to file '/workspace/eda/synopsys/vcs/W-2024.09/etc/uvm-1.2/src/comps/uvm_comps.svh'.
Parsing included file '/workspace/eda/synopsys/vcs/W-2024.09/etc/uvm-1.2/src/comps/uvm_env.svh'.
Back to file '/workspace/eda/synopsys/vcs/W-2024.09/etc/uvm-1.2/src/comps/uvm_comps.svh'.
Parsing included file '/workspace/eda/synopsys/vcs/W-2024.09/etc/uvm-1.2/src/comps/uvm_test.svh'.
Back to file '/workspace/eda/synopsys/vcs/W-2024.09/etc/uvm-1.2/src/comps/uvm_comps.svh'.
Back to file '/workspace/eda/synopsys/vcs/W-2024.09/etc/uvm-1.2/src/uvm_pkg.sv'.
Parsing included file '/workspace/eda/synopsys/vcs/W-2024.09/etc/uvm-1.2/src/seq/uvm_seq.svh'.
Parsing included file '/workspace/eda/synopsys/vcs/W-2024.09/etc/uvm-1.2/src/seq/uvm_sequence_item.svh'.
Back to file '/workspace/eda/synopsys/vcs/W-2024.09/etc/uvm-1.2/src/seq/uvm_seq.svh'.
Parsing included file '/workspace/eda/synopsys/vcs/W-2024.09/etc/uvm-1.2/src/seq/uvm_sequencer_base.svh'.
Back to file '/workspace/eda/synopsys/vcs/W-2024.09/etc/uvm-1.2/src/seq/uvm_seq.svh'.
Parsing included file '/workspace/eda/synopsys/vcs/W-2024.09/etc/uvm-1.2/src/seq/uvm_sequencer_analysis_fifo.svh'.
Back to file '/workspace/eda/synopsys/vcs/W-2024.09/etc/uvm-1.2/src/seq/uvm_seq.svh'.
Parsing included file '/workspace/eda/synopsys/vcs/W-2024.09/etc/uvm-1.2/src/seq/uvm_sequencer_param_base.svh'.
BParsing included file '/workspace/eda/synopsys/vcs/W-2024.09/etc/uvm-1.2/src/seq/uvm_sequencer.svh'.
Back to file '/workspace/eda/synopsys/vcs/W-2024.09/etc/uvm-1.2/src/seq/uvm_seq.svh'.
Parsing included file '/workspace/eda/synopsys/vcs/W-2024.09/etc/uvm-1.2/src/seq/uvm_push_sequencer.svh'.
Back to file '/workspace/eda/synopsys/vcs/W-2024.09/etc/uvm-1.2/src/seq/uvm_seq.svh'.
Parsing included file '/workspace/eda/synopsys/vcs/W-2024.09/etc/uvm-1.2/src/seq/uvm_sequence_base.svh'.
Back to file '/workspace/eda/synopsys/vcs/W-2024.09/etc/uvm-1.2/src/seq/uvm_seq.svh'.
Parsing included file '/workspace/eda/synopsys/vcs/W-2024.09/etc/uvm-1.2/src/seq/uvm_sequence.svh'.
Back to file '/workspace/eda/synopsys/vcs/W-2024.09/etc/uvm-1.2/src/seq/uvm_seq.svh'.
Parsing included file '/workspace/eda/synopsys/vcs/W-2024.09/etc/uvm-1.2/src/seq/uvm_sequence_library.svh'.
Back to file '/workspace/eda/synopsys/vcs/W-2024.09/etc/uvm-1.2/src/seq/uvm_seq.svh'.
Parsing included file '/workspace/eda/synopsys/vcs/W-2024.09/etc/uvm-1.2/src/seq/uvm_sequence_builtin.svh'.
Back to file '/workspace/eda/synopsys/vcs/W-2024.09/etc/uvm-1.2/src/seq/uvm_seq.svh'.
Back to file '/workspace/eda/synopsys/vcs/W-2024.09/etc/uvm-1.2/src/uvm_pkg.sv'.
Parsing included file '/workspace/eda/synopsys/vcs/W-2024.09/etc/uvm-1.2/src/tlm2/uvm_tlm2.svh'.
Parsing included file '/workspace/eda/synopsys/vcs/W-2024.09/etc/uvm-1.2/src/tlm2/uvm_tlm2_defines.svh'.
Back to file '/workspace/eda/synopsys/vcs/W-2024.09/etc/uvm-1.2/src/tlm2/uvm_tlm2.svh'.
Parsing included file '/workspace/eda/synopsys/vcs/W-2024.09/etc/uvm-1.2/src/tlm2/uvm_tlm2_time.svh'.
Back to file '/workspace/eda/synopsys/vcs/W-2024.09/etc/uvm-1.2/src/tlm2/uvm_tlm2.svh'.
Parsing included file '/workspace/eda/synopsys/vcs/W-2024.09/etc/uvm-1.2/src/tlm2/uvm_tlm2_generic_payload.svh'.
Back to file '/workspace/eda/synopsys/vcs/W-2024.09/etc/uvm-1.2/src/tlm2/uvm_tlm2.svh'.
Parsing included file '/workspace/eda/synopsys/vcs/W-2024.09/etc/uvm-1.2/src/tlm2/uvm_tlm2_ifs.svh'.
Back to file '/workspace/eda/synopsys/vcs/W-2024.09/etc/uvm-1.2/src/tlm2/uvm_tlm2.svh'.
Parsing included file '/workspace/eda/synopsys/vcs/W-2024.09/etc/uvm-1.2/src/tlm2/uvm_tlm2_imps.svh'.
Back to file '/workspace/eda/synopsys/vcs/W-2024.09/etc/uvm-1.2/src/tlm2/uvm_tlm2.svh'.
Parsing included file '/workspace/eda/synopsys/vcs/W-2024.09/etc/uvm-1.2/src/tlm2/uvm_tlm2_ports.svh'.
Back to file '/workspace/eda/synopsys/vcs/W-2024.09/etc/uvm-1.2/src/tlm2/uvm_tlm2.svh'.
Parsing included file '/workspace/eda/synopsys/vcs/W-2024.09/etc/uvm-1.2/src/tlm2/uvm_tlm2_exports.svh'.
Back to file '/workspace/eda/synopsys/vcs/W-2024.09/etc/uvm-1.2/src/tlm2/uvm_tlm2.svh'.
Parsing included file '/workspace/eda/synopsys/vcs/W-2024.09/etc/uvm-1.2/src/tlm2/uvm_tlm2_sockets_base.svh'.
Back to file '/workspace/eda/synopsys/vcs/W-2024.09/etc/uvm-1.2/src/tlm2/uvm_tlm2.svh'.
Parsing included file '/workspace/eda/synopsys/vcs/W-2024.09/etc/uvm-1.2/src/tlm2/uvm_tlm2_sockets.svh'.
Back to file '/workspace/eda/synopsys/vcs/W-2024.09/etc/uvm-1.2/src/tlm2/uvm_tlm2.svh'.
Back to file '/workspace/eda/synopsys/vcs/W-2024.09/etc/uvm-1.2/src/uvm_pkg.sv'.
Parsing included file '/workspace/eda/synopsys/vcs/W-2024.09/etc/uvm-1.2/src/reg/uvm_reg_model.svh'.
Parsing included file '/workspace/eda/synopsys/vcs/W-2024.09/etc/uvm-1.2/src/reg/uvm_reg_item.svh'.
Back to file '/workspace/eda/synopsys/vcs/W-2024.09/etc/uvm-1.2/src/reg/uvm_reg_model.svh'.
Parsing included file '/workspace/eda/synopsys/vcs/W-2024.09/etc/uvm-1.2/src/reg/uvm_reg_adapter.svh'.
Back to file '/workspace/eda/synopsys/vcs/W-2024.09/etc/uvm-1.2/src/reg/uvm_reg_model.svh'.
Parsing included file '/workspace/eda/synopsys/vcs/W-2024.09/etc/uvm-1.2/src/reg/uvm_reg_predictor.svh'.
Back to file '/workspace/eda/synopsys/vcs/W-2024.09/etc/uvm-1.2/src/reg/uvm_reg_model.svh'.
Parsing included file '/workspace/eda/synopsys/vcs/W-2024.09/etc/uvm-1.2/src/reg/uvm_reg_sequence.svh'.
Back to file '/workspace/eda/synopsys/vcs/W-2024.09/etc/uvm-1.2/src/reg/uvm_reg_model.svh'.
ack to file '/workspace/eda/synopsys/vcs/W-2024.09/etc/uvm-1.2/src/seq/uvm_seq.svh'.
Parsing included file '/workspace/eda/synopsys/vcs/W-2024.09/etc/uvm-1.2/src/seq/uvm_sequencer.svh'.
Back to file '/workspace/eda/synopsys/vcs/W-2024.09/etc/uvm-1.2/src/seq/uvm_seq.svh'.
Parsing included file '/workspace/eda/synopsys/vcs/W-2024.09/etc/uvm-1.2/src/seq/uvm_push_sequencer.svh'.
Back to file '/workspace/eda/synopsys/vcs/W-2024.09/etc/uvm-1.2/src/seq/uvm_seq.svh'.
Parsing included file '/workspace/eda/synopsys/vcs/W-2024.09/etc/uvm-1.2/src/seq/uvm_sequence_base.svh'.
Back to file '/workspace/eda/synopsys/vcs/W-2024.09/etc/uvm-1.2/src/seq/uvm_seq.svh'.
Parsing included file '/workspace/eda/synopsys/vcs/W-2024.09/etc/uvm-1.2/src/seq/uvm_sequence.svh'.
Back to file '/workspace/eda/synopsys/vcs/W-2024.09/etc/uvm-1.2/src/seq/uvm_seq.svh'.
Parsing included file '/workspace/eda/synopsys/vcs/W-2024.09/etc/uvm-1.2/src/seq/uvm_sequence_library.svh'.
Back to file '/workspace/eda/synopsys/vcs/W-2024.09/etc/uvm-1.2/src/seq/uvm_seq.svh'.
Parsing included file '/workspace/eda/synopsys/vcs/W-2024.09/etc/uvm-1.2/src/seq/uvm_sequence_builtin.svh'.
Back to file '/workspace/eda/synopsys/vcs/W-2024.09/etc/uvm-1.2/src/seq/uvm_seq.svh'.
Back to file '/workspace/eda/synopsys/vcs/W-2024.09/etc/uvm-1.2/src/uvm_pkg.sv'.
Parsing included file '/workspace/eda/synopsys/vcs/W-2024.09/etc/uvm-1.2/src/tlm2/uvm_tlm2.svh'.
Parsing included file '/workspace/eda/synopsys/vcs/W-2024.09/etc/uvm-1.2/src/tlm2/uvm_tlm2_defines.svh'.
Back to file '/workspace/eda/synopsys/vcs/W-2024.09/etc/uvm-1.2/src/tlm2/uvm_tlm2.svh'.
Parsing included file '/workspace/eda/synopsys/vcs/W-2024.09/etc/uvm-1.2/src/tlm2/uvm_tlm2_time.svh'.
Back to file '/workspace/eda/synopsys/vcs/W-2024.09/etc/uvm-1.2/src/tlm2/uvm_tlm2.svh'.
Parsing included file '/workspace/eda/synopsys/vcs/W-2024.09/etc/uvm-1.2/src/tlm2/uvm_tlm2_generic_payload.svh'.
Back to file '/workspace/eda/synopsys/vcs/W-2024.09/etc/uvm-1.2/src/tlm2/uvm_tlm2.svh'.
Parsing included file '/workspace/eda/synopsys/vcs/W-2024.09/etc/uvm-1.2/src/tlm2/uvm_tlm2_ifs.svh'.
Back to file '/workspace/eda/synopsys/vcs/W-2024.09/etc/uvm-1.2/src/tlm2/uvm_tlm2.svh'.
Parsing included file '/workspace/eda/synopsys/vcs/W-2024.09/etc/uvm-1.2/src/tlm2/uvm_tlm2_imps.svh'.
Back to file '/workspace/eda/synopsys/vcs/W-2024.09/etc/uvm-1.2/src/tlm2/uvm_tlm2.svh'.
Parsing included file '/workspace/eda/synopsys/vcs/W-2024.09/etc/uvm-1.2/src/tlm2/uvm_tlm2_ports.svh'.
Back to file '/workspace/eda/synopsys/vcs/W-2024.09/etc/uvm-1.2/src/tlm2/uvm_tlm2.svh'.
Parsing included file '/workspace/eda/synopsys/vcs/W-2024.09/etc/uvm-1.2/src/tlm2/uvm_tlm2_exports.svh'.
Back to file '/workspace/eda/synopsys/vcs/W-2024.09/etc/uvm-1.2/src/tlm2/uvm_tlm2.svh'.
Parsing included file '/workspace/eda/synopsys/vcs/W-2024.09/etc/uvm-1.2/src/tlm2/uvm_tlm2_sockets_base.svh'.
Back to file '/workspace/eda/synopsys/vcs/W-2024.09/etc/uvm-1.2/src/tlm2/uvm_tlm2.svh'.
Parsing included file '/workspace/eda/synopsys/vcs/W-2024.09/etc/uvm-1.2/src/tlm2/uvm_tlm2_sockets.svh'.
Back to file '/workspace/eda/synopsys/vcs/W-2024.09/etc/uvm-1.2/src/tlm2/uvm_tlm2.svh'.
Back to file '/workspace/eda/synopsys/vcs/W-2024.09/etc/uvm-1.2/src/uvm_pkg.sv'.
Parsing included file '/workspace/eda/synopsys/vcs/W-2024.09/etc/uvm-1.2/src/reg/uvm_reg_model.svh'.
Parsing included file '/workspace/eda/synopsys/vcs/W-2024.09/etc/uvm-1.2/src/reg/uvm_reg_item.svh'.
Back to file '/workspace/eda/synopsys/vcs/W-2024.09/etc/uvm-1.2/src/reg/uvm_reg_model.svh'.
Parsing included file '/workspace/eda/synopsys/vcs/W-2024.09/etc/uvm-1.2/src/reg/uvm_reg_adapter.svh'.
Back to file '/workspace/eda/synopsys/vcs/W-2024.09/etc/uvm-1.2/src/reg/uvm_reg_model.svh'.
Parsing included file '/workspace/eda/synopsys/vcs/W-2024.09/etc/uvm-1.2/src/reg/uvm_reg_predictor.svh'.
Back to file '/workspace/eda/synopsys/vcs/W-2024.09/etc/uvm-1.2/src/reg/uvm_reg_model.svh'.
Parsing included file '/workspace/eda/synopsys/vcs/W-2024.09/etc/uvm-1.2/src/reg/uvm_reg_sequence.svh'.
Back to file '/workspace/eda/synopsys/vcs/W-2024.09/etc/uvm-1.2/src/reg/uvm_reg_mParsing included file '/workspace/eda/synopsys/vcs/W-2024.09/etc/uvm-1.2/src/reg/uvm_reg_cbs.svh'.
Back to file '/workspace/eda/synopsys/vcs/W-2024.09/etc/uvm-1.2/src/reg/uvm_reg_model.svh'.
Parsing included file '/workspace/eda/synopsys/vcs/W-2024.09/etc/uvm-1.2/src/reg/uvm_reg_backdoor.svh'.
Back to file '/workspace/eda/synopsys/vcs/W-2024.09/etc/uvm-1.2/src/reg/uvm_reg_model.svh'.
Parsing included file '/workspace/eda/synopsys/vcs/W-2024.09/etc/uvm-1.2/src/reg/uvm_reg_field.svh'.
Back to file '/workspace/eda/synopsys/vcs/W-2024.09/etc/uvm-1.2/src/reg/uvm_reg_model.svh'.
Parsing included file '/workspace/eda/synopsys/vcs/W-2024.09/etc/uvm-1.2/src/reg/uvm_vreg_field.svh'.
Back to file '/workspace/eda/synopsys/vcs/W-2024.09/etc/uvm-1.2/src/reg/uvm_reg_model.svh'.
Parsing included file '/workspace/eda/synopsys/vcs/W-2024.09/etc/uvm-1.2/src/reg/uvm_reg.svh'.
Back to file '/workspace/eda/synopsys/vcs/W-2024.09/etc/uvm-1.2/src/reg/uvm_reg_model.svh'.
Parsing included file '/workspace/eda/synopsys/vcs/W-2024.09/etc/uvm-1.2/src/reg/uvm_reg_indirect.svh'.
Back to file '/workspace/eda/synopsys/vcs/W-2024.09/etc/uvm-1.2/src/reg/uvm_reg_model.svh'.
Parsing included file '/workspace/eda/synopsys/vcs/W-2024.09/etc/uvm-1.2/src/reg/uvm_reg_fifo.svh'.
Back to file '/workspace/eda/synopsys/vcs/W-2024.09/etc/uvm-1.2/src/reg/uvm_reg_model.svh'.
Parsing included file '/workspace/eda/synopsys/vcs/W-2024.09/etc/uvm-1.2/src/reg/uvm_reg_file.svh'.
Back to file '/workspace/eda/synopsys/vcs/W-2024.09/etc/uvm-1.2/src/reg/uvm_reg_model.svh'.
Parsing included file '/workspace/eda/synopsys/vcs/W-2024.09/etc/uvm-1.2/src/reg/uvm_mem_mam.svh'.
Back to file '/workspace/eda/synopsys/vcs/W-2024.09/etc/uvm-1.2/src/reg/uvm_reg_model.svh'.
Parsing included file '/workspace/eda/synopsys/vcs/W-2024.09/etc/uvm-1.2/src/reg/uvm_vreg.svh'.
Back to file '/workspace/eda/synopsys/vcs/W-2024.09/etc/uvm-1.2/src/reg/uvm_reg_model.svh'.
Parsing included file '/workspace/eda/synopsys/vcs/W-2024.09/etc/uvm-1.2/src/reg/uvm_mem.svh'.
Back to file '/workspace/eda/synopsys/vcs/W-2024.09/etc/uvm-1.2/src/reg/uvm_reg_model.svh'.
Parsing included file '/workspace/eda/synopsys/vcs/W-2024.09/etc/uvm-1.2/src/reg/uvm_reg_map.svh'.
Back to file '/workspace/eda/synopsys/vcs/W-2024.09/etc/uvm-1.2/src/reg/uvm_reg_model.svh'.
Parsing included file '/workspace/eda/synopsys/vcs/W-2024.09/etc/uvm-1.2/src/reg/uvm_reg_block.svh'.
Back to file '/workspace/eda/synopsys/vcs/W-2024.09/etc/uvm-1.2/src/reg/uvm_reg_model.svh'.
Parsing included file '/workspace/eda/synopsys/vcs/W-2024.09/etc/uvm-1.2/src/reg/sequences/uvm_reg_hw_reset_seq.svh'.
Back to file '/workspace/eda/synopsys/vcs/W-2024.09/etc/uvm-1.2/src/reg/uvm_reg_model.svh'.
Parsing included file '/workspace/eda/synopsys/vcs/W-2024.09/etc/uvm-1.2/src/reg/sequences/uvm_reg_bit_bash_seq.svh'.
Back to file '/workspace/eda/synopsys/vcs/W-2024.09/etc/uvm-1.2/src/reg/uvm_reg_model.svh'.
Parsing included file '/workspace/eda/synopsys/vcs/W-2024.09/etc/uvm-1.2/src/reg/sequences/uvm_mem_walk_seq.svh'.
Back to file '/workspace/eda/synopsys/vcs/W-2024.09/etc/uvm-1.2/src/reg/uvm_reg_model.svh'.
Parsing included file '/workspace/eda/synopsys/vcs/W-2024.09/etc/uvm-1.2/src/reg/sequences/uvm_mem_access_seq.svh'.
Back to file '/workspace/eda/synopsys/vcs/W-2024.09/etc/uvm-1.2/src/reg/uvm_reg_model.svh'.
Parsing included file '/workspace/eda/synopsys/vcs/W-2024.09/etc/uvm-1.2/src/reg/sequences/uvm_reg_access_seq.svh'.
Back to file '/workspace/eda/synopsys/vcs/W-2024.09/etc/uvm-1.2/src/reg/uvm_reg_model.svh'.
Parsing included file '/workspace/eda/synopsys/vcs/W-2024.09/etc/uvm-1.2/src/reg/sequences/uvm_reg_mem_shared_access_seq.svh'.
Back to file '/workspace/eda/synopsys/vcs/W-2024.09/etc/uvm-1.2/src/reg/uvm_reg_model.svh'.
Parsing included file '/workspace/eda/synopsys/vcs/W-2024.09/etc/uvm-1.2/src/reg/sequences/uvm_reg_mem_built_in_seq.svh'.
Back to file '/workspace/eda/synopsys/vcs/W-2024.09/etc/uvm-1.2/src/reg/uvm_reg_model.svh'.
Parsing included file '/workspace/eda/synopsys/vcs/W-2024.09/etc/uvm-1.2/src/reg/sequences/uvm_reg_mem_hdl_paths_seq.svh'.
odel.svh'.
Parsing included file '/workspace/eda/synopsys/vcs/W-2024.09/etc/uvm-1.2/src/reg/uvm_reg_cbs.svh'.
Back to file '/workspace/eda/synopsys/vcs/W-2024.09/etc/uvm-1.2/src/reg/uvm_reg_model.svh'.
Parsing included file '/workspace/eda/synopsys/vcs/W-2024.09/etc/uvm-1.2/src/reg/uvm_reg_backdoor.svh'.
Back to file '/workspace/eda/synopsys/vcs/W-2024.09/etc/uvm-1.2/src/reg/uvm_reg_model.svh'.
Parsing included file '/workspace/eda/synopsys/vcs/W-2024.09/etc/uvm-1.2/src/reg/uvm_reg_field.svh'.
Back to file '/workspace/eda/synopsys/vcs/W-2024.09/etc/uvm-1.2/src/reg/uvm_reg_model.svh'.
Parsing included file '/workspace/eda/synopsys/vcs/W-2024.09/etc/uvm-1.2/src/reg/uvm_vreg_field.svh'.
Back to file '/workspace/eda/synopsys/vcs/W-2024.09/etc/uvm-1.2/src/reg/uvm_reg_model.svh'.
Parsing included file '/workspace/eda/synopsys/vcs/W-2024.09/etc/uvm-1.2/src/reg/uvm_reg.svh'.
Back to file '/workspace/eda/synopsys/vcs/W-2024.09/etc/uvm-1.2/src/reg/uvm_reg_model.svh'.
Parsing included file '/workspace/eda/synopsys/vcs/W-2024.09/etc/uvm-1.2/src/reg/uvm_reg_indirect.svh'.
Back to file '/workspace/eda/synopsys/vcs/W-2024.09/etc/uvm-1.2/src/reg/uvm_reg_model.svh'.
Parsing included file '/workspace/eda/synopsys/vcs/W-2024.09/etc/uvm-1.2/src/reg/uvm_reg_fifo.svh'.
Back to file '/workspace/eda/synopsys/vcs/W-2024.09/etc/uvm-1.2/src/reg/uvm_reg_model.svh'.
Parsing included file '/workspace/eda/synopsys/vcs/W-2024.09/etc/uvm-1.2/src/reg/uvm_reg_file.svh'.
Back to file '/workspace/eda/synopsys/vcs/W-2024.09/etc/uvm-1.2/src/reg/uvm_reg_model.svh'.
Parsing included file '/workspace/eda/synopsys/vcs/W-2024.09/etc/uvm-1.2/src/reg/uvm_mem_mam.svh'.
Back to file '/workspace/eda/synopsys/vcs/W-2024.09/etc/uvm-1.2/src/reg/uvm_reg_model.svh'.
Parsing included file '/workspace/eda/synopsys/vcs/W-2024.09/etc/uvm-1.2/src/reg/uvm_vreg.svh'.
Back to file '/workspace/eda/synopsys/vcs/W-2024.09/etc/uvm-1.2/src/reg/uvm_reg_model.svh'.
Parsing included file '/workspace/eda/synopsys/vcs/W-2024.09/etc/uvm-1.2/src/reg/uvm_mem.svh'.
Back to file '/workspace/eda/synopsys/vcs/W-2024.09/etc/uvm-1.2/src/reg/uvm_reg_model.svh'.
Parsing included file '/workspace/eda/synopsys/vcs/W-2024.09/etc/uvm-1.2/src/reg/uvm_reg_map.svh'.
Back to file '/workspace/eda/synopsys/vcs/W-2024.09/etc/uvm-1.2/src/reg/uvm_reg_model.svh'.
Parsing included file '/workspace/eda/synopsys/vcs/W-2024.09/etc/uvm-1.2/src/reg/uvm_reg_block.svh'.
Back to file '/workspace/eda/synopsys/vcs/W-2024.09/etc/uvm-1.2/src/reg/uvm_reg_model.svh'.
Parsing included file '/workspace/eda/synopsys/vcs/W-2024.09/etc/uvm-1.2/src/reg/sequences/uvm_reg_hw_reset_seq.svh'.
Back to file '/workspace/eda/synopsys/vcs/W-2024.09/etc/uvm-1.2/src/reg/uvm_reg_model.svh'.
Parsing included file '/workspace/eda/synopsys/vcs/W-2024.09/etc/uvm-1.2/src/reg/sequences/uvm_reg_bit_bash_seq.svh'.
Back to file '/workspace/eda/synopsys/vcs/W-2024.09/etc/uvm-1.2/src/reg/uvm_reg_model.svh'.
Parsing included file '/workspace/eda/synopsys/vcs/W-2024.09/etc/uvm-1.2/src/reg/sequences/uvm_mem_walk_seq.svh'.
Back to file '/workspace/eda/synopsys/vcs/W-2024.09/etc/uvm-1.2/src/reg/uvm_reg_model.svh'.
Parsing included file '/workspace/eda/synopsys/vcs/W-2024.09/etc/uvm-1.2/src/reg/sequences/uvm_mem_access_seq.svh'.
Back to file '/workspace/eda/synopsys/vcs/W-2024.09/etc/uvm-1.2/src/reg/uvm_reg_model.svh'.
Parsing included file '/workspace/eda/synopsys/vcs/W-2024.09/etc/uvm-1.2/src/reg/sequences/uvm_reg_access_seq.svh'.
Back to file '/workspace/eda/synopsys/vcs/W-2024.09/etc/uvm-1.2/src/reg/uvm_reg_model.svh'.
Parsing included file '/workspace/eda/synopsys/vcs/W-2024.09/etc/uvm-1.2/src/reg/sequences/uvm_reg_mem_shared_access_seq.svh'.
Back to file '/workspace/eda/synopsys/vcs/W-2024.09/etc/uvm-1.2/src/reg/uvm_reg_model.svh'.
Parsing included file '/workspace/eda/synopsys/vcs/W-2024.09/etc/uvm-1.2/src/reg/sequences/uvm_reg_mem_built_in_seq.svh'.
Back to file '/workspace/eda/synopsys/vcs/W-2024.09/etc/uvm-1.2/src/reg/uvm_reg_model.svh'.
Parsing included file '/workspace/eda/synopsys/vcs/W-2024.09/etc/uvm-1.2/src/reg/sequences/uvm_reg_mem_hdl_paths_seq.svBack to file '/workspace/eda/synopsys/vcs/W-2024.09/etc/uvm-1.2/src/reg/uvm_reg_model.svh'.
Parsing included file '/workspace/eda/synopsys/vcs/W-2024.09/etc/uvm-1.2/src/reg/snps_uvm_reg_bank.svh'.
Back to file '/workspace/eda/synopsys/vcs/W-2024.09/etc/uvm-1.2/src/reg/uvm_reg_model.svh'.
Back to file '/workspace/eda/synopsys/vcs/W-2024.09/etc/uvm-1.2/src/uvm_pkg.sv'.
Parsing included file '/workspace/eda/synopsys/vcs/W-2024.09/etc/uvm-1.2/src/vcs/vcs_uvm_alt.sv'.
Back to file '/workspace/eda/synopsys/vcs/W-2024.09/etc/uvm-1.2/src/uvm_pkg.sv'.
Parsing design file 'tb/utiles/ssv/ssv_pkg.sv'
Parsing included file '/workspace/eda/synopsys/vcs/W-2024.09/etc/uvm-1.2/src/uvm_macros.svh'.
Back to file 'tb/utiles/ssv/ssv_pkg.sv'.
Parsing included file 'tb/utiles/ssv/ssv_object.sv'.
Back to file 'tb/utiles/ssv/ssv_pkg.sv'.
Parsing design file 'cfg/ssv_cfg_pkg.sv'
Parsing included file '/workspace/eda/synopsys/vcs/W-2024.09/etc/uvm-1.2/src/uvm_macros.svh'.
Back to file 'cfg/ssv_cfg_pkg.sv'.
Parsing included file 'cfg/sub_agent.sv'.
Back to file 'cfg/ssv_cfg_pkg.sv'.
Parsing included file 'cfg/top.sv'.
Back to file 'cfg/ssv_cfg_pkg.sv'.
Parsing design file 'tb/env/my_env_pkg.sv'
Parsing included file '/workspace/eda/synopsys/vcs/W-2024.09/etc/uvm-1.2/src/uvm_macros.svh'.
Back to file 'tb/env/my_env_pkg.sv'.
Parsing included file 'tb/env/my_monitor.sv'.
Back to file 'tb/env/my_env_pkg.sv'.
Parsing included file 'tb/env/my_driver.sv'.
Back to file 'tb/env/my_env_pkg.sv'.
Parsing included file 'tb/env/my_agent.sv'.
Back to file 'tb/env/my_env_pkg.sv'.
Parsing included file 'tb/env/my_env.sv'.
Back to file 'tb/env/my_env_pkg.sv'.
Parsing design file 'tb/tests/my_test.sv'
Parsing included file '/workspace/eda/synopsys/vcs/W-2024.09/etc/uvm-1.2/src/uvm_macros.svh'.
Back to file 'tb/tests/my_test.sv'.
Parsing design file 'tb/tests/my_long_test.sv'
Parsing included file '/workspace/eda/synopsys/vcs/W-2024.09/etc/uvm-1.2/src/uvm_macros.svh'.
Back to file 'tb/tests/my_long_test.sv'.
Parsing design file 'tb/tests/my_min_test.sv'
Parsing included file '/workspace/eda/synopsys/vcs/W-2024.09/etc/uvm-1.2/src/uvm_macros.svh'.
Back to file 'tb/tests/my_min_test.sv'.
Parsing design file 'tb/tb_top.sv'
Parsing included file '/workspace/eda/synopsys/vcs/W-2024.09/etc/uvm-1.2/src/uvm_macros.svh'.
Back to file 'tb/tb_top.sv'.
Top Level Modules:
       tb_top
No TimeScale specified

Warning-[ICTA-SI] Incompatible complex type
tb/utiles/ssv/ssv_object.sv, 251
ssv_pkg
  Incompatible complex type assignment
  Type of source expression is incompatible with type of target expression. 
  Mismatching types cannot be used in assignments, initializations and 
  instantiations. The type of the target is 'string', while the type of the 
  source is 'byte'.
  Source Expression: s[(s.len() - 1)]
  Please use string cast while assigning an integral type to a string 
  variable.

h'.
Back to file '/workspace/eda/synopsys/vcs/W-2024.09/etc/uvm-1.2/src/reg/uvm_reg_model.svh'.
Parsing included file '/workspace/eda/synopsys/vcs/W-2024.09/etc/uvm-1.2/src/reg/snps_uvm_reg_bank.svh'.
Back to file '/workspace/eda/synopsys/vcs/W-2024.09/etc/uvm-1.2/src/reg/uvm_reg_model.svh'.
Back to file '/workspace/eda/synopsys/vcs/W-2024.09/etc/uvm-1.2/src/uvm_pkg.sv'.
Parsing included file '/workspace/eda/synopsys/vcs/W-2024.09/etc/uvm-1.2/src/vcs/vcs_uvm_alt.sv'.
Back to file '/workspace/eda/synopsys/vcs/W-2024.09/etc/uvm-1.2/src/uvm_pkg.sv'.
Parsing design file 'tb/utiles/ssv/ssv_pkg.sv'
Parsing included file '/workspace/eda/synopsys/vcs/W-2024.09/etc/uvm-1.2/src/uvm_macros.svh'.
Back to file 'tb/utiles/ssv/ssv_pkg.sv'.
Parsing included file 'tb/utiles/ssv/ssv_object.sv'.
Back to file 'tb/utiles/ssv/ssv_pkg.sv'.
Parsing design file 'cfg/ssv_cfg_pkg.sv'
Parsing included file '/workspace/eda/synopsys/vcs/W-2024.09/etc/uvm-1.2/src/uvm_macros.svh'.
Back to file 'cfg/ssv_cfg_pkg.sv'.
Parsing included file 'cfg/sub_agent.sv'.
Back to file 'cfg/ssv_cfg_pkg.sv'.
Parsing included file 'cfg/top.sv'.
Back to file 'cfg/ssv_cfg_pkg.sv'.
Parsing design file 'tb/env/my_env_pkg.sv'
Parsing included file '/workspace/eda/synopsys/vcs/W-2024.09/etc/uvm-1.2/src/uvm_macros.svh'.
Back to file 'tb/env/my_env_pkg.sv'.
Parsing included file 'tb/env/my_monitor.sv'.
Back to file 'tb/env/my_env_pkg.sv'.
Parsing included file 'tb/env/my_driver.sv'.
Back to file 'tb/env/my_env_pkg.sv'.
Parsing included file 'tb/env/my_agent.sv'.
Back to file 'tb/env/my_env_pkg.sv'.
Parsing included file 'tb/env/my_env.sv'.
Back to file 'tb/env/my_env_pkg.sv'.
Parsing design file 'tb/tests/my_test.sv'
Parsing included file '/workspace/eda/synopsys/vcs/W-2024.09/etc/uvm-1.2/src/uvm_macros.svh'.
Back to file 'tb/tests/my_test.sv'.
Parsing design file 'tb/tests/my_long_test.sv'
Parsing included file '/workspace/eda/synopsys/vcs/W-2024.09/etc/uvm-1.2/src/uvm_macros.svh'.
Back to file 'tb/tests/my_long_test.sv'.
Parsing design file 'tb/tests/my_min_test.sv'
Parsing included file '/workspace/eda/synopsys/vcs/W-2024.09/etc/uvm-1.2/src/uvm_macros.svh'.
Back to file 'tb/tests/my_min_test.sv'.
Parsing design file 'tb/tb_top.sv'
Parsing included file '/workspace/eda/synopsys/vcs/W-2024.09/etc/uvm-1.2/src/uvm_macros.svh'.
Back to file 'tb/tb_top.sv'.
Top Level Modules:
       tb_top
No TimeScale specified

Warning-[ICTA-SI] Incompatible complex type
tb/utiles/ssv/ssv_object.sv, 251
ssv_pkg
  Incompatible complex type assignment
  Type of source expression is incompatible with type of target expression. 
  Mismatching types cannot be used in assignments, initializations and 
  instantiations. The type of the target is 'string', while the type of the 
  source is 'byte'.
  Source Expression: s[(s.len() - 1)]
  Please use string cast while assigning an integral type to a string 
  variable.


Warning-[ICTA-SI] Incompatible complex type
tb/utiles/ssv/ssv_object.sv, 316
ssv_pkg
  Incompatible complex type assignment
  Type of source expression is incompatible with type of target expression. 
  Mismatching types cannot be used in assignments, initializations and 
  instantiations. The type of the target is 'string', while the type of the 
  source is 'byte'.
  Source Expression: s[1]
  Please use string cast while assigning an integral type to a string 
  variable.


Warning-[ICTA-SI] Incompatible complex type
tb/utiles/ssv/ssv_object.sv, 316
ssv_pkg
  Incompatible complex type assignment
  Type of source expression is incompatible with type of target expression. 
  Mismatching types cannot be used in assignments, initializations and 
  instantiations. The type of the target is 'string', while the type of the 
  source is 'byte'.
  Source Expression: s[1]
  Please use string cast while assigning an integral type to a string 
  variable.


Warning-[DRTZ] Detect delay value roundoff to 0
  Delay from design or SDF file roundoff to 0 based on timescale
  Please use switch -diag timescale to dump detailed information.


Warning-[DRTZ] Detect delay value roundoff to 0
  Delay from design or SDF file roundoff to 0 based on timescale
  Please use switch -diag timescale to dump detailed information.

Starting vcs inline pass...
Starting vcs inline pass...
10 modules and 0 UDP read.
recompiling package vcs_paramclassrepository
recompiling package _vcs_DPI_package
recompiling package uvm_pkg
recompiling package ssv_pkg
recompiling package ssv_cfg_pkg
recompiling package my_env_pkg
recompiling package my_test_pkg
recompiling package my_long_test_pkg
recompiling package my_min_test_pkg
recompiling module tb_top
All of 10 modules done
10 modules and 0 UDP read.
recompiling package vcs_paramclassrepository
recompiling package _vcs_DPI_package
recompiling package uvm_pkg
recompiling package ssv_pkg
recompiling package ssv_cfg_pkg
recompiling package my_env_pkg
recompiling package my_test_pkg
recompiling package my_long_test_pkg
recompiling package my_min_test_pkg
recompiling module tb_top
All of 10 modules done
rm -f _cuarc*.so _csrc*.so pre_vcsobj_*.so share_vcsobj_*.so
g++ -w  -pipe -fPIC -DVCS -I/workspace/eda/synopsys/vcs/W-2024.09/etc/uvm-1.2/dpi \
-O -I/workspace/eda/synopsys/vcs/W-2024.09/include    -c /workspace/eda/synopsys/vcs/W-2024.09/etc/uvm-1.2/dpi/uvm_dpi.cc \

if [ -x /home/vncer/prj/ssv/sim/output/baseline/simv ]; then chmod a-x /home/vncer/prj/ssv/sim/output/baseline/simv; \
fi
g++  -o /home/vncer/prj/ssv/sim/output/baseline/simv      -rdynamic  -Wl,-rpath='$ORIGIN'/simv.daidir \
-Wl,-rpath=./simv.daidir -Wl,-rpath=/workspace/eda/synopsys/vcs/W-2024.09/linux64/lib \
-L/workspace/eda/synopsys/vcs/W-2024.09/linux64/lib  -Wl,-rpath-link=./  /usr/lib64/libnuma.so.1 \
uvm_dpi.o   objs/amcQw_d.o  _431208_archive_1.so  SIM_l.o      rmapats_mop.o rmapats.o \
rmar.o rmar_nd.o  rmar_llvm_0_1.o rmar_llvm_0_0.o            -lvirsim -lerrorinf \
-lsnpsmalloc -lvfs    -lvcsnew -lsimprofile -luclinative /workspace/eda/synopsys/vcs/W-2024.09/linux64/lib/vcs_tls.o \
-Wl,-whole-archive  -lvcsucli    -Wl,-no-whole-archive      ./../simv.daidir/vc_hdrs.o \
/workspace/eda/synopsys/vcs/W-2024.09/linux64/lib/vcs_save_restore_new.o -ldl  -lc \
-lm -lpthread -ldl 
/home/vncer/prj/ssv/sim/output/baseline/simv up to date
rm -f _cuarc*.so _csrc*.so pre_vcsobj_*.so share_vcsobj_*.so
g++ -w  -pipe -fPIC -DVCS -I/workspace/eda/synopsys/vcs/W-2024.09/etc/uvm-1.2/dpi -O -I/workspace/eda/synopsys/vcs/W-2024.09/include    -c /workspace/eda/synopsys/vcs/W-2024.09/etc/uvm-1.2/dpi/uvm_dpi.cc
if [ -x /home/vncer/prj/ssv/sim/output/baseline/simv ]; then chmod a-x /home/vncer/prj/ssv/sim/output/baseline/simv; fi
g++  -o /home/vncer/prj/ssv/sim/output/baseline/simv      -rdynamic  -Wl,-rpath='$ORIGIN'/simv.daidir -Wl,-rpath=./simv.daidir -Wl,-rpath=/workspace/eda/synopsys/vcs/W-2024.09/linux64/lib -L/workspace/eda/synopsys/vcs/W-2024.09/linux64/lib  -Wl,-rpath-link=./  /usr/lib64/libnuma.so.1 uvm_dpi.o   objs/amcQw_d.o  _431208_archive_1.so  SIM_l.o      rmapats_mop.o rmapats.o rmar.o rmar_nd.o  rmar_llvm_0_1.o rmar_llvm_0_0.o            -lvirsim -lerrorinf -lsnpsmalloc -lvfs    -lvcsnew -lsimprofile -luclinative /workspace/eda/synopsys/vcs/W-2024.09/linux64/lib/vcs_tls.o   -Wl,-whole-archive  -lvcsucli    -Wl,-no-whole-archive      ./../simv.daidir/vc_hdrs.o    /workspace/eda/synopsys/vcs/W-2024.09/linux64/lib/vcs_save_restore_new.o -ldl  -lc -lm -lpthread -ldl 
/home/vncer/prj/ssv/sim/output/baseline/simv up to date
CPU time: 6.582 seconds to compile + .229 seconds to elab + .587 seconds to link
CPU time: 6.582 seconds to compile + .229 seconds to elab + .587 seconds to link
Verdi KDB elaboration done and the database successfully generatedVerdi KDB elaboration done and the database successfully generated

